--- Test run on 2016/07/29 13:28:00 ---

=PROGRESS REPORT==== 29-Jul-2016::13:28:00 ===
          supervisor: {local,sasl_safe_sup}
             started: [{pid,<0.40.0>},
                       {id,alarm_handler},
                       {mfargs,{alarm_handler,start_link,[]}},
                       {restart_type,permanent},
                       {shutdown,2000},
                       {child_type,worker}]

=PROGRESS REPORT==== 29-Jul-2016::13:28:00 ===
          supervisor: {local,sasl_safe_sup}
             started: [{pid,<0.41.0>},
                       {id,overload},
                       {mfargs,{overload,start_link,[]}},
                       {restart_type,permanent},
                       {shutdown,2000},
                       {child_type,worker}]

=PROGRESS REPORT==== 29-Jul-2016::13:28:00 ===
          supervisor: {local,sasl_sup}
             started: [{pid,<0.39.0>},
                       {id,sasl_safe_sup},
                       {mfargs,
                           {supervisor,start_link,
                               [{local,sasl_safe_sup},sasl,safe]}},
                       {restart_type,permanent},
                       {shutdown,infinity},
                       {child_type,supervisor}]

=PROGRESS REPORT==== 29-Jul-2016::13:28:00 ===
          supervisor: {local,sasl_sup}
             started: [{pid,<0.42.0>},
                       {id,release_handler},
                       {mfargs,{release_handler,start_link,[]}},
                       {restart_type,permanent},
                       {shutdown,2000},
                       {child_type,worker}]

=PROGRESS REPORT==== 29-Jul-2016::13:28:00 ===
         application: sasl
          started_at: 'test@testing-worker-linux-docker-9d56431b-3492-linux-13'
Converting "/home/travis/build/SoamJaws/wErld/." to "/home/travis/build/SoamJaws/wErld" and re-inserting with add_patha/1


Common Test v1.11 starting (cwd is /home/travis/build/SoamJaws/wErld)


Common Test: Running make in test directories...
Including the following directories:
"/home/travis/build/SoamJaws/wErld/include"
Recompile: vehicle_SUITE
vehicle_SUITE.erl:129: Warning: variable 'P1' is unused
vehicle_SUITE.erl:130: Warning: variable 'P2' is unused
vehicle_SUITE.erl:131: Warning: variable 'P3' is unused
vehicle_SUITE.erl:132: Warning: variable 'P4' is unused
vehicle_SUITE.erl:171: Warning: variable 'P4' is unused
vehicle_SUITE.erl:192: Warning: variable 'P4' is unused
vehicle_SUITE.erl:219: Warning: variable 'P4' is unused
vehicle_SUITE.erl:238: Warning: variable 'S1' is unused
vehicle_SUITE.erl:242: Warning: variable 'P4' is unused
vehicle_SUITE.erl:271: Warning: variable 'P4' is unused
vehicle_SUITE.erl:291: Warning: variable 'P1' is unused
vehicle_SUITE.erl:292: Warning: variable 'P2' is unused
vehicle_SUITE.erl:293: Warning: variable 'P3' is unused
vehicle_SUITE.erl:294: Warning: variable 'P4' is unused
Recompile: stop_SUITE
Recompile: public_transport_SUITE
public_transport_SUITE.erl:22: variable 'TestCase' is unbound
public_transport_SUITE.erl:17: Warning: variable 'PublicTransportSupervisor' is unused
Recompile: line_SUITE
{error,make_failed}


CWD set to: "/home/travis/build/SoamJaws/wErld/test/logs/ct_run.test@testing-worker-linux-docker-9d56431b-3492-linux-13.2016-07-29_13.28.01"

TEST INFO: 1 test(s), 22 case(s) in 3 suite(s)

Cover compiling 'wErld' (11 files) - this may take some time... done

Testing client.public_transport: Starting test, 22 test cases

=ERROR REPORT==== 29-Jul-2016::13:28:02 ===
** Generic server line_supervisor terminating 
** Last message in was {'EXIT',<0.481.0>,
                               {#Ref<0.0.1.4161>,2438,ok,
                                [{line_SUITE,get_next_stop_case}],
                                []}}
** When Server state == {state,
                            {global,line_supervisor},
                            simple_one_for_one,
                            [{child,undefined,line,
                                 {line,start_link,[]},
                                 transient,1000,worker,
                                 [line]}],
                            {dict,0,16,16,8,80,48,
                                {[],[],[],[],[],[],[],[],[],[],[],[],[],[],[],
                                 []},
                                {{[],[],[],[],[],[],[],[],[],[],[],[],[],[],
                                  [],[]}}},
                            0,1,[],line_supervisor,[]}
** Reason for termination == 
** {#Ref<0.0.1.4161>,2438,ok,[{line_SUITE,get_next_stop_case}],[]}

=CRASH REPORT==== 29-Jul-2016::13:28:02 ===
  crasher:
    initial call: supervisor:line_supervisor/1
    pid: <0.484.0>
    registered_name: []
    exception exit: {#Ref<0.0.1.4161>,2438,ok,
                     [{line_SUITE,get_next_stop_case}],
                     []}
      in function  gen_server:terminate/7 (gen_server.erl, line 826)
    ancestors: [<0.481.0>]
    messages: []
    links: []
    dictionary: [{module,"line_supervisor"},{id,line_supervisor}]
    trap_exit: true
    status: running
    heap_size: 610
    stack_size: 27
    reductions: 347
  neighbours:

=ERROR REPORT==== 29-Jul-2016::13:28:02 ===
** Generic server line_supervisor terminating 
** Last message in was {'EXIT',<0.537.0>,
                               {#Ref<0.0.1.4585>,583,ok,
                                [{line_SUITE,get_other_end_case}],
                                []}}
** When Server state == {state,
                            {global,line_supervisor},
                            simple_one_for_one,
                            [{child,undefined,line,
                                 {line,start_link,[]},
                                 transient,1000,worker,
                                 [line]}],
                            {dict,0,16,16,8,80,48,
                                {[],[],[],[],[],[],[],[],[],[],[],[],[],[],[],
                                 []},
                                {{[],[],[],[],[],[],[],[],[],[],[],[],[],[],
                                  [],[]}}},
                            0,1,[],line_supervisor,[]}
** Reason for termination == 
** {#Ref<0.0.1.4585>,583,ok,[{line_SUITE,get_other_end_case}],[]}

=CRASH REPORT==== 29-Jul-2016::13:28:02 ===
  crasher:
    initial call: supervisor:line_supervisor/1
    pid: <0.540.0>
    registered_name: []
    exception exit: {#Ref<0.0.1.4585>,583,ok,
                     [{line_SUITE,get_other_end_case}],
                     []}
      in function  gen_server:terminate/7 (gen_server.erl, line 826)
    ancestors: [<0.537.0>]
    messages: []
    links: []
    dictionary: [{module,"line_supervisor"},{id,line_supervisor}]
    trap_exit: true
    status: running
    heap_size: 376
    stack_size: 27
    reductions: 338
  neighbours:

=ERROR REPORT==== 29-Jul-2016::13:28:02 ===
** Generic server line_supervisor terminating 
** Last message in was {'EXIT',<0.557.0>,
                               {#Ref<0.0.1.4854>,608,ok,
                                [{line_SUITE,is_end_stop_case}],
                                []}}
** When Server state == {state,
                            {global,line_supervisor},
                            simple_one_for_one,
                            [{child,undefined,line,
                                 {line,start_link,[]},
                                 transient,1000,worker,
                                 [line]}],
                            {dict,0,16,16,8,80,48,
                                {[],[],[],[],[],[],[],[],[],[],[],[],[],[],[],
                                 []},
                                {{[],[],[],[],[],[],[],[],[],[],[],[],[],[],
                                  [],[]}}},
                            0,1,[],line_supervisor,[]}
** Reason for termination == 
** {#Ref<0.0.1.4854>,608,ok,[{line_SUITE,is_end_stop_case}],[]}

=CRASH REPORT==== 29-Jul-2016::13:28:02 ===
  crasher:
    initial call: supervisor:line_supervisor/1
    pid: <0.560.0>
    registered_name: []
    exception exit: {#Ref<0.0.1.4854>,608,ok,
                     [{line_SUITE,is_end_stop_case}],
                     []}
      in function  gen_server:terminate/7 (gen_server.erl, line 826)
    ancestors: [<0.557.0>]
    messages: []
    links: []
    dictionary: [{module,"line_supervisor"},{id,line_supervisor}]
    trap_exit: true
    status: running
    heap_size: 376
    stack_size: 27
    reductions: 338
  neighbours:

=ERROR REPORT==== 29-Jul-2016::13:28:02 ===
** Generic server line_supervisor terminating 
** Last message in was {'EXIT',<0.583.0>,
                               {#Ref<0.0.2.2759>,389,ok,
                                [{line_SUITE,get_number_case}],
                                []}}
** When Server state == {state,
                            {global,line_supervisor},
                            simple_one_for_one,
                            [{child,undefined,line,
                                 {line,start_link,[]},
                                 transient,1000,worker,
                                 [line]}],
                            {dict,0,16,16,8,80,48,
                                {[],[],[],[],[],[],[],[],[],[],[],[],[],[],[],
                                 []},
                                {{[],[],[],[],[],[],[],[],[],[],[],[],[],[],
                                  [],[]}}},
                            0,1,[],line_supervisor,[]}
** Reason for termination == 
** {#Ref<0.0.2.2759>,389,ok,[{line_SUITE,get_number_case}],[]}

=CRASH REPORT==== 29-Jul-2016::13:28:02 ===
  crasher:
    initial call: supervisor:line_supervisor/1
    pid: <0.586.0>
    registered_name: []
    exception exit: {#Ref<0.0.2.2759>,389,ok,
                     [{line_SUITE,get_number_case}],
                     []}
      in function  gen_server:terminate/7 (gen_server.erl, line 826)
    ancestors: [<0.583.0>]
    messages: []
    links: []
    dictionary: [{module,"line_supervisor"},{id,line_supervisor}]
    trap_exit: true
    status: running
    heap_size: 376
    stack_size: 27
    reductions: 338
  neighbours:

=ERROR REPORT==== 29-Jul-2016::13:28:02 ===
** Generic server line_supervisor terminating 
** Last message in was {'EXIT',<0.607.0>,
                               {#Ref<0.0.2.3279>,930,ok,
                                [{line_SUITE,contains_stop_case}],
                                []}}
** When Server state == {state,
                            {global,line_supervisor},
                            simple_one_for_one,
                            [{child,undefined,line,
                                 {line,start_link,[]},
                                 transient,1000,worker,
                                 [line]}],
                            {dict,0,16,16,8,80,48,
                                {[],[],[],[],[],[],[],[],[],[],[],[],[],[],[],
                                 []},
                                {{[],[],[],[],[],[],[],[],[],[],[],[],[],[],
                                  [],[]}}},
                            0,1,[],line_supervisor,[]}
** Reason for termination == 
** {#Ref<0.0.2.3279>,930,ok,[{line_SUITE,contains_stop_case}],[]}

=CRASH REPORT==== 29-Jul-2016::13:28:02 ===
  crasher:
    initial call: supervisor:line_supervisor/1
    pid: <0.610.0>
    registered_name: []
    exception exit: {#Ref<0.0.2.3279>,930,ok,
                     [{line_SUITE,contains_stop_case}],
                     []}
      in function  gen_server:terminate/7 (gen_server.erl, line 826)
    ancestors: [<0.607.0>]
    messages: []
    links: []
    dictionary: [{module,"line_supervisor"},{id,line_supervisor}]
    trap_exit: true
    status: running
    heap_size: 376
    stack_size: 27
    reductions: 338
  neighbours:

=ERROR REPORT==== 29-Jul-2016::13:28:02 ===
** Generic server line_supervisor terminating 
** Last message in was {'EXIT',<0.650.0>,
                               {#Ref<0.0.2.3881>,1554,ok,
                                [{line_SUITE,get_neighbors_case}],
                                []}}
** When Server state == {state,
                            {global,line_supervisor},
                            simple_one_for_one,
                            [{child,undefined,line,
                                 {line,start_link,[]},
                                 transient,1000,worker,
                                 [line]}],
                            {dict,0,16,16,8,80,48,
                                {[],[],[],[],[],[],[],[],[],[],[],[],[],[],[],
                                 []},
                                {{[],[],[],[],[],[],[],[],[],[],[],[],[],[],
                                  [],[]}}},
                            0,1,[],line_supervisor,[]}
** Reason for termination == 
** {#Ref<0.0.2.3881>,1554,ok,[{line_SUITE,get_neighbors_case}],[]}

=CRASH REPORT==== 29-Jul-2016::13:28:02 ===
  crasher:
    initial call: supervisor:line_supervisor/1
    pid: <0.653.0>
    registered_name: []
    exception exit: {#Ref<0.0.2.3881>,1554,ok,
                     [{line_SUITE,get_neighbors_case}],
                     []}
      in function  gen_server:terminate/7 (gen_server.erl, line 826)
    ancestors: [<0.650.0>]
    messages: []
    links: []
    dictionary: [{module,"line_supervisor"},{id,line_supervisor}]
    trap_exit: true
    status: running
    heap_size: 610
    stack_size: 27
    reductions: 335
  neighbours:

=ERROR REPORT==== 29-Jul-2016::13:28:02 ===
** Generic server line_supervisor terminating 
** Last message in was {'EXIT',<0.688.0>,
                               {#Ref<0.0.2.4109>,26432,ok,
                                [{line_SUITE,get_duration_case}],
                                []}}
** When Server state == {state,
                            {global,line_supervisor},
                            simple_one_for_one,
                            [{child,undefined,line,
                                 {line,start_link,[]},
                                 transient,1000,worker,
                                 [line]}],
                            {dict,0,16,16,8,80,48,
                                {[],[],[],[],[],[],[],[],[],[],[],[],[],[],[],
                                 []},
                                {{[],[],[],[],[],[],[],[],[],[],[],[],[],[],
                                  [],[]}}},
                            0,1,[],line_supervisor,[]}
** Reason for termination == 
** {#Ref<0.0.2.4109>,26432,ok,[{line_SUITE,get_duration_case}],[]}

=CRASH REPORT==== 29-Jul-2016::13:28:02 ===
  crasher:
    initial call: supervisor:line_supervisor/1
    pid: <0.691.0>
    registered_name: []
    exception exit: {#Ref<0.0.2.4109>,26432,ok,
                     [{line_SUITE,get_duration_case}],
                     []}
      in function  gen_server:terminate/7 (gen_server.erl, line 826)
    ancestors: [<0.688.0>]
    messages: []
    links: []
    dictionary: [{module,"line_supervisor"},{id,line_supervisor}]
    trap_exit: true
    status: running
    heap_size: 610
    stack_size: 27
    reductions: 335
  neighbours:

=ERROR REPORT==== 29-Jul-2016::13:28:02 ===
** Generic server line_supervisor terminating 
** Last message in was {'EXIT',<0.936.0>,
                               {#Ref<0.0.1.5604>,2772,ok,
                                [{line_SUITE,get_target_case}],
                                []}}
** When Server state == {state,
                            {global,line_supervisor},
                            simple_one_for_one,
                            [{child,undefined,line,
                                 {line,start_link,[]},
                                 transient,1000,worker,
                                 [line]}],
                            {dict,0,16,16,8,80,48,
                                {[],[],[],[],[],[],[],[],[],[],[],[],[],[],[],
                                 []},
                                {{[],[],[],[],[],[],[],[],[],[],[],[],[],[],
                                  [],[]}}},
                            0,1,[],line_supervisor,[]}
** Reason for termination == 
** {#Ref<0.0.1.5604>,2772,ok,[{line_SUITE,get_target_case}],[]}

=CRASH REPORT==== 29-Jul-2016::13:28:02 ===
  crasher:
    initial call: supervisor:line_supervisor/1
    pid: <0.939.0>
    registered_name: []
    exception exit: {#Ref<0.0.1.5604>,2772,ok,
                     [{line_SUITE,get_target_case}],
                     []}
      in function  gen_server:terminate/7 (gen_server.erl, line 826)
    ancestors: [<0.936.0>]
    messages: []
    links: []
    dictionary: [{module,"line_supervisor"},{id,line_supervisor}]
    trap_exit: true
    status: running
    heap_size: 610
    stack_size: 27
    reductions: 335
  neighbours:

=ERROR REPORT==== 29-Jul-2016::13:28:02 ===
** Generic server line_supervisor terminating 
** Last message in was {'EXIT',<0.993.0>,
                               {#Ref<0.0.1.6266>,11412,ok,
                                [{line_SUITE,get_intersection_case}],
                                []}}
** When Server state == {state,
                            {global,line_supervisor},
                            simple_one_for_one,
                            [{child,undefined,line,
                                 {line,start_link,[]},
                                 transient,1000,worker,
                                 [line]}],
                            {dict,0,16,16,8,80,48,
                                {[],[],[],[],[],[],[],[],[],[],[],[],[],[],[],
                                 []},
                                {{[],[],[],[],[],[],[],[],[],[],[],[],[],[],
                                  [],[]}}},
                            0,1,[],line_supervisor,[]}
** Reason for termination == 
** {#Ref<0.0.1.6266>,11412,ok,[{line_SUITE,get_intersection_case}],[]}

=CRASH REPORT==== 29-Jul-2016::13:28:02 ===
  crasher:
    initial call: supervisor:line_supervisor/1
    pid: <0.996.0>
    registered_name: []
    exception exit: {#Ref<0.0.1.6266>,11412,ok,
                     [{line_SUITE,get_intersection_case}],
                     []}
      in function  gen_server:terminate/7 (gen_server.erl, line 826)
    ancestors: [<0.993.0>]
    messages: []
    links: []
    dictionary: [{module,"line_supervisor"},{id,line_supervisor}]
    trap_exit: true
    status: running
    heap_size: 987
    stack_size: 27
    reductions: 609
  neighbours:

- - - - - - - - - - - - - - - - - - - - - - - - - - - - - - - - - - - - - - - -
Error detected: 'public_transport_SUITE can not be compiled or loaded'
- - - - - - - - - - - - - - - - - - - - - - - - - - - - - - - - - - - - - - - -

Testing client.public_transport: *** FAILED {ct_framework,error_in_suite} ***

=ERROR REPORT==== 29-Jul-2016::13:28:02 ===
** Generic server stop_supervisor terminating 
** Last message in was {'EXIT',<0.1334.0>,
                               {#Ref<0.0.1.8646>,677,ok,
                                [{stop_SUITE,passenger_check_in_case}],
                                []}}
** When Server state == {state,
                            {global,stop_supervisor},
                            simple_one_for_one,
                            [{child,undefined,stop,
                                 {stop,start_link,[]},
                                 transient,1000,worker,
                                 [stop]}],
                            {dict,0,16,16,8,80,48,
                                {[],[],[],[],[],[],[],[],[],[],[],[],[],[],[],
                                 []},
                                {{[],[],[],[],[],[],[],[],[],[],[],[],[],[],
                                  [],[]}}},
                            0,1,[],stop_supervisor,[]}
** Reason for termination == 
** {#Ref<0.0.1.8646>,677,ok,[{stop_SUITE,passenger_check_in_case}],[]}

=CRASH REPORT==== 29-Jul-2016::13:28:02 ===
  crasher:
    initial call: supervisor:stop_supervisor/1
    pid: <0.1337.0>
    registered_name: []
    exception exit: {#Ref<0.0.1.8646>,677,ok,
                     [{stop_SUITE,passenger_check_in_case}],
                     []}
      in function  gen_server:terminate/7 (gen_server.erl, line 826)
    ancestors: [<0.1334.0>]
    messages: []
    links: []
    dictionary: [{module,"stop_supervisor"},{id,stop_supervisor}]
    trap_exit: true
    status: running
    heap_size: 376
    stack_size: 27
    reductions: 323
  neighbours:

=ERROR REPORT==== 29-Jul-2016::13:28:02 ===
** Generic server stop_supervisor terminating 
** Last message in was {'EXIT',<0.1374.0>,
                               {#Ref<0.0.2.5954>,2563,ok,
                                [{stop_SUITE,passenger_check_out_case}],
                                []}}
** When Server state == {state,
                            {global,stop_supervisor},
                            simple_one_for_one,
                            [{child,undefined,stop,
                                 {stop,start_link,[]},
                                 transient,1000,worker,
                                 [stop]}],
                            {dict,0,16,16,8,80,48,
                                {[],[],[],[],[],[],[],[],[],[],[],[],[],[],[],
                                 []},
                                {{[],[],[],[],[],[],[],[],[],[],[],[],[],[],
                                  [],[]}}},
                            0,1,[],stop_supervisor,[]}
** Reason for termination == 
** {#Ref<0.0.2.5954>,2563,ok,[{stop_SUITE,passenger_check_out_case}],[]}

=CRASH REPORT==== 29-Jul-2016::13:28:02 ===
  crasher:
    initial call: supervisor:stop_supervisor/1
    pid: <0.1377.0>
    registered_name: []
    exception exit: {#Ref<0.0.2.5954>,2563,ok,
                     [{stop_SUITE,passenger_check_out_case}],
                     []}
      in function  gen_server:terminate/7 (gen_server.erl, line 826)
    ancestors: [<0.1374.0>]
    messages: []
    links: []
    dictionary: [{module,"stop_supervisor"},{id,stop_supervisor}]
    trap_exit: true
    status: running
    heap_size: 376
    stack_size: 27
    reductions: 323
  neighbours:

=ERROR REPORT==== 29-Jul-2016::13:28:03 ===
** Generic server stop_supervisor terminating 
** Last message in was {'EXIT',<0.1432.0>,
                               {#Ref<0.0.1.8846>,1428,ok,
                                [{stop_SUITE,vehicle_check_in_case}],
                                []}}
** When Server state == {state,
                            {global,stop_supervisor},
                            simple_one_for_one,
                            [{child,undefined,stop,
                                 {stop,start_link,[]},
                                 transient,1000,worker,
                                 [stop]}],
                            {dict,0,16,16,8,80,48,
                                {[],[],[],[],[],[],[],[],[],[],[],[],[],[],[],
                                 []},
                                {{[],[],[],[],[],[],[],[],[],[],[],[],[],[],
                                  [],[]}}},
                            0,1,[],stop_supervisor,[]}
** Reason for termination == 
** {#Ref<0.0.1.8846>,1428,ok,[{stop_SUITE,vehicle_check_in_case}],[]}

=CRASH REPORT==== 29-Jul-2016::13:28:03 ===
  crasher:
    initial call: supervisor:stop_supervisor/1
    pid: <0.1435.0>
    registered_name: []
    exception exit: {#Ref<0.0.1.8846>,1428,ok,
                     [{stop_SUITE,vehicle_check_in_case}],
                     []}
      in function  gen_server:terminate/7 (gen_server.erl, line 826)
    ancestors: [<0.1432.0>]
    messages: []
    links: []
    dictionary: [{module,"stop_supervisor"},{id,stop_supervisor}]
    trap_exit: true
    status: running
    heap_size: 376
    stack_size: 27
    reductions: 323
  neighbours:

=ERROR REPORT==== 29-Jul-2016::13:28:03 ===
** Generic server stop_supervisor terminating 
** Last message in was {'EXIT',<0.1484.0>,
                               {#Ref<0.0.2.6393>,2594,ok,
                                [{stop_SUITE,vehicle_check_out_case}],
                                []}}
** When Server state == {state,
                            {global,stop_supervisor},
                            simple_one_for_one,
                            [{child,undefined,stop,
                                 {stop,start_link,[]},
                                 transient,1000,worker,
                                 [stop]}],
                            {dict,0,16,16,8,80,48,
                                {[],[],[],[],[],[],[],[],[],[],[],[],[],[],[],
                                 []},
                                {{[],[],[],[],[],[],[],[],[],[],[],[],[],[],
                                  [],[]}}},
                            0,1,[],stop_supervisor,[]}
** Reason for termination == 
** {#Ref<0.0.2.6393>,2594,ok,[{stop_SUITE,vehicle_check_out_case}],[]}

=CRASH REPORT==== 29-Jul-2016::13:28:03 ===
  crasher:
    initial call: supervisor:stop_supervisor/1
    pid: <0.1487.0>
    registered_name: []
    exception exit: {#Ref<0.0.2.6393>,2594,ok,
                     [{stop_SUITE,vehicle_check_out_case}],
                     []}
      in function  gen_server:terminate/7 (gen_server.erl, line 826)
    ancestors: [<0.1484.0>]
    messages: []
    links: []
    dictionary: [{module,"stop_supervisor"},{id,stop_supervisor}]
    trap_exit: true
    status: running
    heap_size: 376
    stack_size: 27
    reductions: 323
  neighbours:

=ERROR REPORT==== 29-Jul-2016::13:28:03 ===
** Generic server stop_supervisor terminating 
** Last message in was {'EXIT',<0.1566.0>,
                               {#Ref<0.0.2.7011>,416,ok,
                                [{stop_SUITE,invalid_vehicle_check_out_case}],
                                []}}
** When Server state == {state,
                            {global,stop_supervisor},
                            simple_one_for_one,
                            [{child,undefined,stop,
                                 {stop,start_link,[]},
                                 transient,1000,worker,
                                 [stop]}],
                            {dict,0,16,16,8,80,48,
                                {[],[],[],[],[],[],[],[],[],[],[],[],[],[],[],
                                 []},
                                {{[],[],[],[],[],[],[],[],[],[],[],[],[],[],
                                  [],[]}}},
                            0,1,[],stop_supervisor,[]}
** Reason for termination == 
** {#Ref<0.0.2.7011>,416,ok,[{stop_SUITE,invalid_vehicle_check_out_case}],[]}

=CRASH REPORT==== 29-Jul-2016::13:28:03 ===
  crasher:
    initial call: supervisor:stop_supervisor/1
    pid: <0.1569.0>
    registered_name: []
    exception exit: {#Ref<0.0.2.7011>,416,ok,
                     [{stop_SUITE,invalid_vehicle_check_out_case}],
                     []}
      in function  gen_server:terminate/7 (gen_server.erl, line 826)
    ancestors: [<0.1566.0>]
    messages: []
    links: []
    dictionary: [{module,"stop_supervisor"},{id,stop_supervisor}]
    trap_exit: true
    status: running
    heap_size: 376
    stack_size: 27
    reductions: 323
  neighbours:

=ERROR REPORT==== 29-Jul-2016::13:28:03 ===
** Generic server vehicle_supervisor terminating 
** Last message in was {'EXIT',<0.1599.0>,
                               {#Ref<0.0.2.7595>,639,ok,
                                [{vehicle_SUITE,checkin_ok_case}],
                                []}}
** When Server state == {state,
                            {global,vehicle_supervisor},
                            simple_one_for_one,
                            [{child,undefined,vehicle,
                                 {vehicle,start_link,[]},
                                 transient,1000,worker,
                                 [vehicle]}],
                            {dict,0,16,16,8,80,48,
                                {[],[],[],[],[],[],[],[],[],[],[],[],[],[],[],
                                 []},
                                {{[],[],[],[],[],[],[],[],[],[],[],[],[],[],
                                  [],[]}}},
                            0,1,[],vehicle_supervisor,[]}
** Reason for termination == 
** {#Ref<0.0.2.7595>,639,ok,[{vehicle_SUITE,checkin_ok_case}],[]}

=CRASH REPORT==== 29-Jul-2016::13:28:03 ===
  crasher:
    initial call: supervisor:vehicle_supervisor/1
    pid: <0.1602.0>
    registered_name: []
    exception exit: {#Ref<0.0.2.7595>,639,ok,
                     [{vehicle_SUITE,checkin_ok_case}],
                     []}
      in function  gen_server:terminate/7 (gen_server.erl, line 826)
    ancestors: [<0.1599.0>]
    messages: []
    links: []
    dictionary: [{module,"vehicle_supervisor"},{id,vehicle_supervisor}]
    trap_exit: true
    status: running
    heap_size: 610
    stack_size: 27
    reductions: 315
  neighbours:

=ERROR REPORT==== 29-Jul-2016::13:28:03 ===
** Generic server vehicle_supervisor terminating 
** Last message in was {'EXIT',<0.1640.0>,
                           {#Ref<0.0.1.9459>,1344,ok,
                            [{vehicle_SUITE,
                                 boarding_passenger_capacity_reached_case}],
                            []}}
** When Server state == {state,
                            {global,vehicle_supervisor},
                            simple_one_for_one,
                            [{child,undefined,vehicle,
                                 {vehicle,start_link,[]},
                                 transient,1000,worker,
                                 [vehicle]}],
                            {dict,0,16,16,8,80,48,
                                {[],[],[],[],[],[],[],[],[],[],[],[],[],[],[],
                                 []},
                                {{[],[],[],[],[],[],[],[],[],[],[],[],[],[],
                                  [],[]}}},
                            0,1,[],vehicle_supervisor,[]}
** Reason for termination == 
** {#Ref<0.0.1.9459>,1344,ok,
    [{vehicle_SUITE,boarding_passenger_capacity_reached_case}],
    []}

=CRASH REPORT==== 29-Jul-2016::13:28:03 ===
  crasher:
    initial call: supervisor:vehicle_supervisor/1
    pid: <0.1643.0>
    registered_name: []
    exception exit: {#Ref<0.0.1.9459>,1344,ok,
                     [{vehicle_SUITE,boarding_passenger_capacity_reached_case}],
                     []}
      in function  gen_server:terminate/7 (gen_server.erl, line 826)
    ancestors: [<0.1640.0>]
    messages: []
    links: []
    dictionary: [{module,"vehicle_supervisor"},{id,vehicle_supervisor}]
    trap_exit: true
    status: running
    heap_size: 610
    stack_size: 27
    reductions: 315
  neighbours:

=ERROR REPORT==== 29-Jul-2016::13:28:03 ===
** Generic server vehicle_supervisor terminating 
** Last message in was {'EXIT',<0.1705.0>,
                           {#Ref<0.0.1.9951>,1561,ok,
                            [{vehicle_SUITE,
                                 boarding_passenger_below_capacity_case}],
                            []}}
** When Server state == {state,
                            {global,vehicle_supervisor},
                            simple_one_for_one,
                            [{child,undefined,vehicle,
                                 {vehicle,start_link,[]},
                                 transient,1000,worker,
                                 [vehicle]}],
                            {dict,0,16,16,8,80,48,
                                {[],[],[],[],[],[],[],[],[],[],[],[],[],[],[],
                                 []},
                                {{[],[],[],[],[],[],[],[],[],[],[],[],[],[],
                                  [],[]}}},
                            0,1,[],vehicle_supervisor,[]}
** Reason for termination == 
** {#Ref<0.0.1.9951>,1561,ok,
    [{vehicle_SUITE,boarding_passenger_below_capacity_case}],
    []}

=CRASH REPORT==== 29-Jul-2016::13:28:03 ===
  crasher:
    initial call: supervisor:vehicle_supervisor/1
    pid: <0.1708.0>
    registered_name: []
    exception exit: {#Ref<0.0.1.9951>,1561,ok,
                     [{vehicle_SUITE,boarding_passenger_below_capacity_case}],
                     []}
      in function  gen_server:terminate/7 (gen_server.erl, line 826)
    ancestors: [<0.1705.0>]
    messages: []
    links: []
    dictionary: [{module,"vehicle_supervisor"},{id,vehicle_supervisor}]
    trap_exit: true
    status: running
    heap_size: 610
    stack_size: 27
    reductions: 315
  neighbours:

=ERROR REPORT==== 29-Jul-2016::13:28:03 ===
** Generic server vehicle_supervisor terminating 
** Last message in was {'EXIT',<0.1764.0>,
                               {#Ref<0.0.1.10433>,1796,ok,
                                [{vehicle_SUITE,next_stop_reached_case}],
                                []}}
** When Server state == {state,
                            {global,vehicle_supervisor},
                            simple_one_for_one,
                            [{child,undefined,vehicle,
                                 {vehicle,start_link,[]},
                                 transient,1000,worker,
                                 [vehicle]}],
                            {dict,0,16,16,8,80,48,
                                {[],[],[],[],[],[],[],[],[],[],[],[],[],[],[],
                                 []},
                                {{[],[],[],[],[],[],[],[],[],[],[],[],[],[],
                                  [],[]}}},
                            0,1,[],vehicle_supervisor,[]}
** Reason for termination == 
** {#Ref<0.0.1.10433>,1796,ok,[{vehicle_SUITE,next_stop_reached_case}],[]}

=CRASH REPORT==== 29-Jul-2016::13:28:03 ===
  crasher:
    initial call: supervisor:vehicle_supervisor/1
    pid: <0.1767.0>
    registered_name: []
    exception exit: {#Ref<0.0.1.10433>,1796,ok,
                     [{vehicle_SUITE,next_stop_reached_case}],
                     []}
      in function  gen_server:terminate/7 (gen_server.erl, line 826)
    ancestors: [<0.1764.0>]
    messages: []
    links: []
    dictionary: [{module,"vehicle_supervisor"},{id,vehicle_supervisor}]
    trap_exit: true
    status: running
    heap_size: 610
    stack_size: 27
    reductions: 315
  neighbours:

=ERROR REPORT==== 29-Jul-2016::13:28:03 ===
** Generic server vehicle_supervisor terminating 
** Last message in was {'EXIT',<0.1835.0>,
                               {#Ref<0.0.2.8180>,1060,ok,
                                [{vehicle_SUITE,next_stop_not_reached_case}],
                                []}}
** When Server state == {state,
                            {global,vehicle_supervisor},
                            simple_one_for_one,
                            [{child,undefined,vehicle,
                                 {vehicle,start_link,[]},
                                 transient,1000,worker,
                                 [vehicle]}],
                            {dict,0,16,16,8,80,48,
                                {[],[],[],[],[],[],[],[],[],[],[],[],[],[],[],
                                 []},
                                {{[],[],[],[],[],[],[],[],[],[],[],[],[],[],
                                  [],[]}}},
                            0,1,[],vehicle_supervisor,[]}
** Reason for termination == 
** {#Ref<0.0.2.8180>,1060,ok,[{vehicle_SUITE,next_stop_not_reached_case}],[]}

=CRASH REPORT==== 29-Jul-2016::13:28:03 ===
  crasher:
    initial call: supervisor:vehicle_supervisor/1
    pid: <0.1838.0>
    registered_name: []
    exception exit: {#Ref<0.0.2.8180>,1060,ok,
                     [{vehicle_SUITE,next_stop_not_reached_case}],
                     []}
      in function  gen_server:terminate/7 (gen_server.erl, line 826)
    ancestors: [<0.1835.0>]
    messages: []
    links: []
    dictionary: [{module,"vehicle_supervisor"},{id,vehicle_supervisor}]
    trap_exit: true
    status: running
    heap_size: 610
    stack_size: 27
    reductions: 315
  neighbours:

=ERROR REPORT==== 29-Jul-2016::13:28:03 ===
** Generic server vehicle_supervisor terminating 
** Last message in was {'EXIT',<0.1898.0>,
                               {#Ref<0.0.2.8668>,1955,ok,
                                [{vehicle_SUITE,target_stop_reached_case}],
                                []}}
** When Server state == {state,
                            {global,vehicle_supervisor},
                            simple_one_for_one,
                            [{child,undefined,vehicle,
                                 {vehicle,start_link,[]},
                                 transient,1000,worker,
                                 [vehicle]}],
                            {dict,0,16,16,8,80,48,
                                {[],[],[],[],[],[],[],[],[],[],[],[],[],[],[],
                                 []},
                                {{[],[],[],[],[],[],[],[],[],[],[],[],[],[],
                                  [],[]}}},
                            0,1,[],vehicle_supervisor,[]}
** Reason for termination == 
** {#Ref<0.0.2.8668>,1955,ok,[{vehicle_SUITE,target_stop_reached_case}],[]}

=CRASH REPORT==== 29-Jul-2016::13:28:03 ===
  crasher:
    initial call: supervisor:vehicle_supervisor/1
    pid: <0.1901.0>
    registered_name: []
    exception exit: {#Ref<0.0.2.8668>,1955,ok,
                     [{vehicle_SUITE,target_stop_reached_case}],
                     []}
      in function  gen_server:terminate/7 (gen_server.erl, line 826)
    ancestors: [<0.1898.0>]
    messages: []
    links: []
    dictionary: [{module,"vehicle_supervisor"},{id,vehicle_supervisor}]
    trap_exit: true
    status: running
    heap_size: 610
    stack_size: 27
    reductions: 315
  neighbours:

=ERROR REPORT==== 29-Jul-2016::13:28:03 ===
** Generic server vehicle_supervisor terminating 
** Last message in was {'EXIT',<0.1973.0>,
                           {#Ref<0.0.2.8913>,1131,ok,
                            [{vehicle_SUITE,
                                 increment_boarding_passenger_case}],
                            []}}
** When Server state == {state,
                            {global,vehicle_supervisor},
                            simple_one_for_one,
                            [{child,undefined,vehicle,
                                 {vehicle,start_link,[]},
                                 transient,1000,worker,
                                 [vehicle]}],
                            {dict,0,16,16,8,80,48,
                                {[],[],[],[],[],[],[],[],[],[],[],[],[],[],[],
                                 []},
                                {{[],[],[],[],[],[],[],[],[],[],[],[],[],[],
                                  [],[]}}},
                            0,1,[],vehicle_supervisor,[]}
** Reason for termination == 
** {#Ref<0.0.2.8913>,1131,ok,
    [{vehicle_SUITE,increment_boarding_passenger_case}],
    []}

=CRASH REPORT==== 29-Jul-2016::13:28:03 ===
  crasher:
    initial call: supervisor:vehicle_supervisor/1
    pid: <0.1976.0>
    registered_name: []
    exception exit: {#Ref<0.0.2.8913>,1131,ok,
                     [{vehicle_SUITE,increment_boarding_passenger_case}],
                     []}
      in function  gen_server:terminate/7 (gen_server.erl, line 826)
    ancestors: [<0.1973.0>]
    messages: []
    links: []
    dictionary: [{module,"vehicle_supervisor"},{id,vehicle_supervisor}]
    trap_exit: true
    status: running
    heap_size: 610
    stack_size: 27
    reductions: 315
  neighbours:

=ERROR REPORT==== 29-Jul-2016::13:28:03 ===
** Generic server vehicle_supervisor terminating 
** Last message in was {'EXIT',<0.2036.0>,
                               {#Ref<0.0.2.9422>,635,ok,
                                [{vehicle_SUITE,new_time_not_driving_case}],
                                []}}
** When Server state == {state,
                            {global,vehicle_supervisor},
                            simple_one_for_one,
                            [{child,undefined,vehicle,
                                 {vehicle,start_link,[]},
                                 transient,1000,worker,
                                 [vehicle]}],
                            {dict,0,16,16,8,80,48,
                                {[],[],[],[],[],[],[],[],[],[],[],[],[],[],[],
                                 []},
                                {{[],[],[],[],[],[],[],[],[],[],[],[],[],[],
                                  [],[]}}},
                            0,1,[],vehicle_supervisor,[]}
** Reason for termination == 
** {#Ref<0.0.2.9422>,635,ok,[{vehicle_SUITE,new_time_not_driving_case}],[]}

=CRASH REPORT==== 29-Jul-2016::13:28:03 ===
  crasher:
    initial call: supervisor:vehicle_supervisor/1
    pid: <0.2039.0>
    registered_name: []
    exception exit: {#Ref<0.0.2.9422>,635,ok,
                     [{vehicle_SUITE,new_time_not_driving_case}],
                     []}
      in function  gen_server:terminate/7 (gen_server.erl, line 826)
    ancestors: [<0.2036.0>]
    messages: []
    links: []
    dictionary: [{module,"vehicle_supervisor"},{id,vehicle_supervisor}]
    trap_exit: true
    status: running
    heap_size: 610
    stack_size: 27
    reductions: 315
  neighbours:
Testing client.public_transport: TEST COMPLETE, 22 ok, 0 failed of 22 test cases

Cover analysing... done

Updating /home/travis/build/SoamJaws/wErld/test/logs/index.html... done
Updating /home/travis/build/SoamJaws/wErld/test/logs/all_runs.html... done

