--- Test run on 2016/07/28 19:34:41 ---

=PROGRESS REPORT==== 28-Jul-2016::19:34:41 ===
          supervisor: {local,sasl_safe_sup}
             started: [{pid,<0.40.0>},
                       {id,alarm_handler},
                       {mfargs,{alarm_handler,start_link,[]}},
                       {restart_type,permanent},
                       {shutdown,2000},
                       {child_type,worker}]

=PROGRESS REPORT==== 28-Jul-2016::19:34:41 ===
          supervisor: {local,sasl_safe_sup}
             started: [{pid,<0.41.0>},
                       {id,overload},
                       {mfargs,{overload,start_link,[]}},
                       {restart_type,permanent},
                       {shutdown,2000},
                       {child_type,worker}]

=PROGRESS REPORT==== 28-Jul-2016::19:34:41 ===
          supervisor: {local,sasl_sup}
             started: [{pid,<0.39.0>},
                       {id,sasl_safe_sup},
                       {mfargs,
                           {supervisor,start_link,
                               [{local,sasl_safe_sup},sasl,safe]}},
                       {restart_type,permanent},
                       {shutdown,infinity},
                       {child_type,supervisor}]

=PROGRESS REPORT==== 28-Jul-2016::19:34:41 ===
          supervisor: {local,sasl_sup}
             started: [{pid,<0.42.0>},
                       {id,release_handler},
                       {mfargs,{release_handler,start_link,[]}},
                       {restart_type,permanent},
                       {shutdown,2000},
                       {child_type,worker}]

=PROGRESS REPORT==== 28-Jul-2016::19:34:41 ===
         application: sasl
          started_at: 'test@testing-worker-linux-docker-dcb53824-3436-linux-11'
Converting "/home/travis/build/SoamJaws/wErld/." to "/home/travis/build/SoamJaws/wErld" and re-inserting with add_patha/1


Common Test v1.11 starting (cwd is /home/travis/build/SoamJaws/wErld)


Common Test: Running make in test directories...
Including the following directories:
"/home/travis/build/SoamJaws/wErld/include"
Recompile: vehicle_SUITE
vehicle_SUITE.erl:127: Warning: variable 'P1' is unused
vehicle_SUITE.erl:128: Warning: variable 'P2' is unused
vehicle_SUITE.erl:129: Warning: variable 'P3' is unused
vehicle_SUITE.erl:130: Warning: variable 'P4' is unused
vehicle_SUITE.erl:169: Warning: variable 'P4' is unused
vehicle_SUITE.erl:190: Warning: variable 'P4' is unused
vehicle_SUITE.erl:217: Warning: variable 'P4' is unused
vehicle_SUITE.erl:236: Warning: variable 'S1' is unused
vehicle_SUITE.erl:240: Warning: variable 'P4' is unused
vehicle_SUITE.erl:269: Warning: variable 'P4' is unused
vehicle_SUITE.erl:289: Warning: variable 'P1' is unused
vehicle_SUITE.erl:290: Warning: variable 'P2' is unused
vehicle_SUITE.erl:291: Warning: variable 'P3' is unused
vehicle_SUITE.erl:292: Warning: variable 'P4' is unused
Recompile: stop_SUITE
Recompile: public_transport_SUITE
public_transport_SUITE.erl:17: Warning: variable 'PublicTransportSupervisor' is unused
Recompile: line_SUITE

CWD set to: "/home/travis/build/SoamJaws/wErld/test/logs/ct_run.test@testing-worker-linux-docker-dcb53824-3436-linux-11.2016-07-28_19.34.41"

TEST INFO: 1 test(s), 23 case(s) in 4 suite(s)

Cover compiling 'wErld' (11 files) - this may take some time... done

Testing client.public_transport: Starting test, 23 test cases

=ERROR REPORT==== 28-Jul-2016::19:34:42 ===
** Generic server line_supervisor terminating 
** Last message in was {'EXIT',<0.525.0>,
                               {#Ref<0.0.1.4797>,1657,ok,
                                [{line_SUITE,get_next_stop_case}],
                                []}}
** When Server state == {state,
                            {global,line_supervisor},
                            simple_one_for_one,
                            [{child,undefined,line,
                                 {line,start_link,[]},
                                 transient,1000,worker,
                                 [line]}],
                            {dict,0,16,16,8,80,48,
                                {[],[],[],[],[],[],[],[],[],[],[],[],[],[],[],
                                 []},
                                {{[],[],[],[],[],[],[],[],[],[],[],[],[],[],
                                  [],[]}}},
                            0,1,[],line_supervisor,[]}
** Reason for termination == 
** {#Ref<0.0.1.4797>,1657,ok,[{line_SUITE,get_next_stop_case}],[]}

=CRASH REPORT==== 28-Jul-2016::19:34:42 ===
  crasher:
    initial call: supervisor:line_supervisor/1
    pid: <0.528.0>
    registered_name: []
    exception exit: {#Ref<0.0.1.4797>,1657,ok,
                     [{line_SUITE,get_next_stop_case}],
                     []}
      in function  gen_server:terminate/7 (gen_server.erl, line 826)
    ancestors: [<0.525.0>]
    messages: []
    links: []
    dictionary: [{module,"line_supervisor"},{id,line_supervisor}]
    trap_exit: true
    status: running
    heap_size: 610
    stack_size: 27
    reductions: 347
  neighbours:

=ERROR REPORT==== 28-Jul-2016::19:34:42 ===
** Generic server line_supervisor terminating 
** Last message in was {'EXIT',<0.581.0>,
                               {#Ref<0.0.2.2895>,483,ok,
                                [{line_SUITE,get_other_end_case}],
                                []}}
** When Server state == {state,
                            {global,line_supervisor},
                            simple_one_for_one,
                            [{child,undefined,line,
                                 {line,start_link,[]},
                                 transient,1000,worker,
                                 [line]}],
                            {dict,0,16,16,8,80,48,
                                {[],[],[],[],[],[],[],[],[],[],[],[],[],[],[],
                                 []},
                                {{[],[],[],[],[],[],[],[],[],[],[],[],[],[],
                                  [],[]}}},
                            0,1,[],line_supervisor,[]}
** Reason for termination == 
** {#Ref<0.0.2.2895>,483,ok,[{line_SUITE,get_other_end_case}],[]}

=CRASH REPORT==== 28-Jul-2016::19:34:42 ===
  crasher:
    initial call: supervisor:line_supervisor/1
    pid: <0.584.0>
    registered_name: []
    exception exit: {#Ref<0.0.2.2895>,483,ok,
                     [{line_SUITE,get_other_end_case}],
                     []}
      in function  gen_server:terminate/7 (gen_server.erl, line 826)
    ancestors: [<0.581.0>]
    messages: []
    links: []
    dictionary: [{module,"line_supervisor"},{id,line_supervisor}]
    trap_exit: true
    status: running
    heap_size: 376
    stack_size: 27
    reductions: 338
  neighbours:

=ERROR REPORT==== 28-Jul-2016::19:34:42 ===
** Generic server line_supervisor terminating 
** Last message in was {'EXIT',<0.601.0>,
                               {#Ref<0.0.1.4951>,746,ok,
                                [{line_SUITE,is_end_stop_case}],
                                []}}
** When Server state == {state,
                            {global,line_supervisor},
                            simple_one_for_one,
                            [{child,undefined,line,
                                 {line,start_link,[]},
                                 transient,1000,worker,
                                 [line]}],
                            {dict,0,16,16,8,80,48,
                                {[],[],[],[],[],[],[],[],[],[],[],[],[],[],[],
                                 []},
                                {{[],[],[],[],[],[],[],[],[],[],[],[],[],[],
                                  [],[]}}},
                            0,1,[],line_supervisor,[]}
** Reason for termination == 
** {#Ref<0.0.1.4951>,746,ok,[{line_SUITE,is_end_stop_case}],[]}

=CRASH REPORT==== 28-Jul-2016::19:34:42 ===
  crasher:
    initial call: supervisor:line_supervisor/1
    pid: <0.604.0>
    registered_name: []
    exception exit: {#Ref<0.0.1.4951>,746,ok,
                     [{line_SUITE,is_end_stop_case}],
                     []}
      in function  gen_server:terminate/7 (gen_server.erl, line 826)
    ancestors: [<0.601.0>]
    messages: []
    links: []
    dictionary: [{module,"line_supervisor"},{id,line_supervisor}]
    trap_exit: true
    status: running
    heap_size: 376
    stack_size: 27
    reductions: 338
  neighbours:

=ERROR REPORT==== 28-Jul-2016::19:34:42 ===
** Generic server line_supervisor terminating 
** Last message in was {'EXIT',<0.627.0>,
                               {#Ref<0.0.1.5257>,410,ok,
                                [{line_SUITE,get_number_case}],
                                []}}
** When Server state == {state,
                            {global,line_supervisor},
                            simple_one_for_one,
                            [{child,undefined,line,
                                 {line,start_link,[]},
                                 transient,1000,worker,
                                 [line]}],
                            {dict,0,16,16,8,80,48,
                                {[],[],[],[],[],[],[],[],[],[],[],[],[],[],[],
                                 []},
                                {{[],[],[],[],[],[],[],[],[],[],[],[],[],[],
                                  [],[]}}},
                            0,1,[],line_supervisor,[]}
** Reason for termination == 
** {#Ref<0.0.1.5257>,410,ok,[{line_SUITE,get_number_case}],[]}

=CRASH REPORT==== 28-Jul-2016::19:34:42 ===
  crasher:
    initial call: supervisor:line_supervisor/1
    pid: <0.630.0>
    registered_name: []
    exception exit: {#Ref<0.0.1.5257>,410,ok,
                     [{line_SUITE,get_number_case}],
                     []}
      in function  gen_server:terminate/7 (gen_server.erl, line 826)
    ancestors: [<0.627.0>]
    messages: []
    links: []
    dictionary: [{module,"line_supervisor"},{id,line_supervisor}]
    trap_exit: true
    status: running
    heap_size: 376
    stack_size: 27
    reductions: 338
  neighbours:

=ERROR REPORT==== 28-Jul-2016::19:34:42 ===
** Generic server line_supervisor terminating 
** Last message in was {'EXIT',<0.651.0>,
                               {#Ref<0.0.1.5775>,736,ok,
                                [{line_SUITE,contains_stop_case}],
                                []}}
** When Server state == {state,
                            {global,line_supervisor},
                            simple_one_for_one,
                            [{child,undefined,line,
                                 {line,start_link,[]},
                                 transient,1000,worker,
                                 [line]}],
                            {dict,0,16,16,8,80,48,
                                {[],[],[],[],[],[],[],[],[],[],[],[],[],[],[],
                                 []},
                                {{[],[],[],[],[],[],[],[],[],[],[],[],[],[],
                                  [],[]}}},
                            0,1,[],line_supervisor,[]}
** Reason for termination == 
** {#Ref<0.0.1.5775>,736,ok,[{line_SUITE,contains_stop_case}],[]}

=CRASH REPORT==== 28-Jul-2016::19:34:42 ===
  crasher:
    initial call: supervisor:line_supervisor/1
    pid: <0.654.0>
    registered_name: []
    exception exit: {#Ref<0.0.1.5775>,736,ok,
                     [{line_SUITE,contains_stop_case}],
                     []}
      in function  gen_server:terminate/7 (gen_server.erl, line 826)
    ancestors: [<0.651.0>]
    messages: []
    links: []
    dictionary: [{module,"line_supervisor"},{id,line_supervisor}]
    trap_exit: true
    status: running
    heap_size: 376
    stack_size: 27
    reductions: 338
  neighbours:

=ERROR REPORT==== 28-Jul-2016::19:34:42 ===
** Generic server line_supervisor terminating 
** Last message in was {'EXIT',<0.694.0>,
                               {#Ref<0.0.2.3632>,1350,ok,
                                [{line_SUITE,get_neighbors_case}],
                                []}}
** When Server state == {state,
                            {global,line_supervisor},
                            simple_one_for_one,
                            [{child,undefined,line,
                                 {line,start_link,[]},
                                 transient,1000,worker,
                                 [line]}],
                            {dict,0,16,16,8,80,48,
                                {[],[],[],[],[],[],[],[],[],[],[],[],[],[],[],
                                 []},
                                {{[],[],[],[],[],[],[],[],[],[],[],[],[],[],
                                  [],[]}}},
                            0,1,[],line_supervisor,[]}
** Reason for termination == 
** {#Ref<0.0.2.3632>,1350,ok,[{line_SUITE,get_neighbors_case}],[]}

=CRASH REPORT==== 28-Jul-2016::19:34:42 ===
  crasher:
    initial call: supervisor:line_supervisor/1
    pid: <0.697.0>
    registered_name: []
    exception exit: {#Ref<0.0.2.3632>,1350,ok,
                     [{line_SUITE,get_neighbors_case}],
                     []}
      in function  gen_server:terminate/7 (gen_server.erl, line 826)
    ancestors: [<0.694.0>]
    messages: []
    links: []
    dictionary: [{module,"line_supervisor"},{id,line_supervisor}]
    trap_exit: true
    status: running
    heap_size: 610
    stack_size: 27
    reductions: 335
  neighbours:

=ERROR REPORT==== 28-Jul-2016::19:34:43 ===
** Generic server line_supervisor terminating 
** Last message in was {'EXIT',<0.732.0>,
                               {#Ref<0.0.2.3751>,20045,ok,
                                [{line_SUITE,get_duration_case}],
                                []}}
** When Server state == {state,
                            {global,line_supervisor},
                            simple_one_for_one,
                            [{child,undefined,line,
                                 {line,start_link,[]},
                                 transient,1000,worker,
                                 [line]}],
                            {dict,0,16,16,8,80,48,
                                {[],[],[],[],[],[],[],[],[],[],[],[],[],[],[],
                                 []},
                                {{[],[],[],[],[],[],[],[],[],[],[],[],[],[],
                                  [],[]}}},
                            0,1,[],line_supervisor,[]}
** Reason for termination == 
** {#Ref<0.0.2.3751>,20045,ok,[{line_SUITE,get_duration_case}],[]}

=CRASH REPORT==== 28-Jul-2016::19:34:43 ===
  crasher:
    initial call: supervisor:line_supervisor/1
    pid: <0.735.0>
    registered_name: []
    exception exit: {#Ref<0.0.2.3751>,20045,ok,
                     [{line_SUITE,get_duration_case}],
                     []}
      in function  gen_server:terminate/7 (gen_server.erl, line 826)
    ancestors: [<0.732.0>]
    messages: []
    links: []
    dictionary: [{module,"line_supervisor"},{id,line_supervisor}]
    trap_exit: true
    status: running
    heap_size: 610
    stack_size: 27
    reductions: 335
  neighbours:

=ERROR REPORT==== 28-Jul-2016::19:34:43 ===
** Generic server line_supervisor terminating 
** Last message in was {'EXIT',<0.980.0>,
                               {#Ref<0.0.1.6253>,2712,ok,
                                [{line_SUITE,get_target_case}],
                                []}}
** When Server state == {state,
                            {global,line_supervisor},
                            simple_one_for_one,
                            [{child,undefined,line,
                                 {line,start_link,[]},
                                 transient,1000,worker,
                                 [line]}],
                            {dict,0,16,16,8,80,48,
                                {[],[],[],[],[],[],[],[],[],[],[],[],[],[],[],
                                 []},
                                {{[],[],[],[],[],[],[],[],[],[],[],[],[],[],
                                  [],[]}}},
                            0,1,[],line_supervisor,[]}
** Reason for termination == 
** {#Ref<0.0.1.6253>,2712,ok,[{line_SUITE,get_target_case}],[]}

=CRASH REPORT==== 28-Jul-2016::19:34:43 ===
  crasher:
    initial call: supervisor:line_supervisor/1
    pid: <0.983.0>
    registered_name: []
    exception exit: {#Ref<0.0.1.6253>,2712,ok,
                     [{line_SUITE,get_target_case}],
                     []}
      in function  gen_server:terminate/7 (gen_server.erl, line 826)
    ancestors: [<0.980.0>]
    messages: []
    links: []
    dictionary: [{module,"line_supervisor"},{id,line_supervisor}]
    trap_exit: true
    status: running
    heap_size: 610
    stack_size: 27
    reductions: 335
  neighbours:

=ERROR REPORT==== 28-Jul-2016::19:34:43 ===
** Generic server line_supervisor terminating 
** Last message in was {'EXIT',<0.1037.0>,
                               {#Ref<0.0.1.6773>,12023,ok,
                                [{line_SUITE,get_intersection_case}],
                                []}}
** When Server state == {state,
                            {global,line_supervisor},
                            simple_one_for_one,
                            [{child,undefined,line,
                                 {line,start_link,[]},
                                 transient,1000,worker,
                                 [line]}],
                            {dict,0,16,16,8,80,48,
                                {[],[],[],[],[],[],[],[],[],[],[],[],[],[],[],
                                 []},
                                {{[],[],[],[],[],[],[],[],[],[],[],[],[],[],
                                  [],[]}}},
                            0,1,[],line_supervisor,[]}
** Reason for termination == 
** {#Ref<0.0.1.6773>,12023,ok,[{line_SUITE,get_intersection_case}],[]}

=CRASH REPORT==== 28-Jul-2016::19:34:43 ===
  crasher:
    initial call: supervisor:line_supervisor/1
    pid: <0.1040.0>
    registered_name: []
    exception exit: {#Ref<0.0.1.6773>,12023,ok,
                     [{line_SUITE,get_intersection_case}],
                     []}
      in function  gen_server:terminate/7 (gen_server.erl, line 826)
    ancestors: [<0.1037.0>]
    messages: []
    links: []
    dictionary: [{module,"line_supervisor"},{id,line_supervisor}]
    trap_exit: true
    status: running
    heap_size: 987
    stack_size: 27
    reductions: 609
  neighbours:

=PROGRESS REPORT==== 28-Jul-2016::19:34:43 ===
          supervisor: {<0.1379.0>,public_transport_supervisor}
             started: [{pid,<0.1380.0>},
                       {id,line_supervisor},
                       {mfargs,{line_supervisor,start_link,[]}},
                       {restart_type,permanent},
                       {shutdown,1000},
                       {child_type,supervisor}]

=PROGRESS REPORT==== 28-Jul-2016::19:34:43 ===
          supervisor: {<0.1379.0>,public_transport_supervisor}
             started: [{pid,<0.1381.0>},
                       {id,stop_supervisor},
                       {mfargs,{stop_supervisor,start_link,[]}},
                       {restart_type,permanent},
                       {shutdown,1000},
                       {child_type,supervisor}]

=PROGRESS REPORT==== 28-Jul-2016::19:34:43 ===
          supervisor: {<0.1379.0>,public_transport_supervisor}
             started: [{pid,<0.1383.0>},
                       {id,vehicle_supervisor},
                       {mfargs,{vehicle_supervisor,start_link,[]}},
                       {restart_type,permanent},
                       {shutdown,1000},
                       {child_type,supervisor}]

=PROGRESS REPORT==== 28-Jul-2016::19:34:43 ===
          supervisor: {<0.1379.0>,public_transport_supervisor}
             started: [{pid,<0.1385.0>},
                       {id,public_transport},
                       {mfargs,{public_transport,start_link,[]}},
                       {restart_type,permanent},
                       {shutdown,1000},
                       {child_type,worker}]

- - - - - - - - - - - - - - - - - - - - - - - - - - - - - - - - - - - - - - - -
gen_server:call failed on line 204
Reason: timeout
- - - - - - - - - - - - - - - - - - - - - - - - - - - - - - - - - - - - - - - -


=ERROR REPORT==== 28-Jul-2016::19:34:53 ===
** Generic server <0.1379.0> terminating 
** Last message in was {'EXIT',<0.1376.0>,
                        {#Ref<0.0.1.7471>,5001040,
                         {'EXIT',
                          {timeout,
                           {gen_server,call,
                            [{global,public_transport},{get_route,a,o}]}}},
                         [{gen_server,call,204},
                          {public_transport,get_route,25},
                          {test_server,ts_tc,1408},
                          {test_server,run_test_case_eval1,984},
                          {test_server,run_test_case_eval,926}],
                         []}}
** When Server state == {state,
                            {<0.1379.0>,public_transport_supervisor},
                            one_for_one,
                            [{child,<0.1385.0>,public_transport,
                                 {public_transport,start_link,[]},
                                 permanent,1000,worker,
                                 [public_transport]},
                             {child,<0.1383.0>,vehicle_supervisor,
                                 {vehicle_supervisor,start_link,[]},
                                 permanent,1000,supervisor,
                                 [vehicle]},
                             {child,<0.1381.0>,stop_supervisor,
                                 {stop_supervisor,start_link,[]},
                                 permanent,1000,supervisor,
                                 [stop]},
                             {child,<0.1380.0>,line_supervisor,
                                 {line_supervisor,start_link,[]},
                                 permanent,1000,supervisor,
                                 [line]}],
                            undefined,0,1,[],public_transport_supervisor,[]}
** Reason for termination == 
** {#Ref<0.0.1.7471>,5001040,
    {'EXIT',{timeout,{gen_server,call,
                                 [{global,public_transport},
                                  {get_route,a,o}]}}},
    [{gen_server,call,204},
     {public_transport,get_route,25},
     {test_server,ts_tc,1408},
     {test_server,run_test_case_eval1,984},
     {test_server,run_test_case_eval,926}],
    []}

=CRASH REPORT==== 28-Jul-2016::19:34:53 ===
  crasher:
    initial call: supervisor:public_transport_supervisor/1
    pid: <0.1379.0>
    registered_name: []
    exception exit: {#Ref<0.0.1.7471>,5001040,
                     {'EXIT',
                         {timeout,
                             {gen_server,call,
                                 [{global,public_transport},
                                  {get_route,a,o}]}}},
                     [{gen_server,call,204},
                      {public_transport,get_route,25},
                      {test_server,ts_tc,1408},
                      {test_server,run_test_case_eval1,984},
                      {test_server,run_test_case_eval,926}],
                     []}
      in function  gen_server:terminate/7 (gen_server.erl, line 826)
    ancestors: [<0.1376.0>]
    messages: []
    links: []
    dictionary: [{module,"public_transport_supervisor"},
                  {id,public_transport_supervisor}]
    trap_exit: true
    status: running
    heap_size: 376
    stack_size: 27
    reductions: 415
  neighbours:
Testing client.public_transport: *** FAILED test case 10 of 23 ***

=ERROR REPORT==== 28-Jul-2016::19:34:53 ===
** Generic server stop_supervisor terminating 
** Last message in was {'EXIT',<0.11921.0>,
                               {#Ref<0.0.1.50850>,792,ok,
                                [{stop_SUITE,passenger_check_in_case}],
                                []}}
** When Server state == {state,
                            {global,stop_supervisor},
                            simple_one_for_one,
                            [{child,undefined,stop,
                                 {stop,start_link,[]},
                                 transient,1000,worker,
                                 [stop]}],
                            {dict,0,16,16,8,80,48,
                                {[],[],[],[],[],[],[],[],[],[],[],[],[],[],[],
                                 []},
                                {{[],[],[],[],[],[],[],[],[],[],[],[],[],[],
                                  [],[]}}},
                            0,1,[],stop_supervisor,[]}
** Reason for termination == 
** {#Ref<0.0.1.50850>,792,ok,[{stop_SUITE,passenger_check_in_case}],[]}

=CRASH REPORT==== 28-Jul-2016::19:34:53 ===
  crasher:
    initial call: supervisor:stop_supervisor/1
    pid: <0.11924.0>
    registered_name: []
    exception exit: {#Ref<0.0.1.50850>,792,ok,
                     [{stop_SUITE,passenger_check_in_case}],
                     []}
      in function  gen_server:terminate/7 (gen_server.erl, line 826)
    ancestors: [<0.11921.0>]
    messages: []
    links: []
    dictionary: [{module,"stop_supervisor"},{id,stop_supervisor}]
    trap_exit: true
    status: running
    heap_size: 376
    stack_size: 27
    reductions: 323
  neighbours:

=ERROR REPORT==== 28-Jul-2016::19:34:53 ===
** Generic server stop_supervisor terminating 
** Last message in was {'EXIT',<0.11959.0>,
                               {#Ref<0.0.1.51193>,3114,ok,
                                [{stop_SUITE,passenger_check_out_case}],
                                []}}
** When Server state == {state,
                            {global,stop_supervisor},
                            simple_one_for_one,
                            [{child,undefined,stop,
                                 {stop,start_link,[]},
                                 transient,1000,worker,
                                 [stop]}],
                            {dict,0,16,16,8,80,48,
                                {[],[],[],[],[],[],[],[],[],[],[],[],[],[],[],
                                 []},
                                {{[],[],[],[],[],[],[],[],[],[],[],[],[],[],
                                  [],[]}}},
                            0,1,[],stop_supervisor,[]}
** Reason for termination == 
** {#Ref<0.0.1.51193>,3114,ok,[{stop_SUITE,passenger_check_out_case}],[]}

=CRASH REPORT==== 28-Jul-2016::19:34:53 ===
  crasher:
    initial call: supervisor:stop_supervisor/1
    pid: <0.11962.0>
    registered_name: []
    exception exit: {#Ref<0.0.1.51193>,3114,ok,
                     [{stop_SUITE,passenger_check_out_case}],
                     []}
      in function  gen_server:terminate/7 (gen_server.erl, line 826)
    ancestors: [<0.11959.0>]
    messages: []
    links: []
    dictionary: [{module,"stop_supervisor"},{id,stop_supervisor}]
    trap_exit: true
    status: running
    heap_size: 376
    stack_size: 27
    reductions: 323
  neighbours:

=ERROR REPORT==== 28-Jul-2016::19:34:53 ===
** Generic server stop_supervisor terminating 
** Last message in was {'EXIT',<0.12015.0>,
                               {#Ref<0.0.2.48556>,2001,ok,
                                [{stop_SUITE,vehicle_check_in_case}],
                                []}}
** When Server state == {state,
                            {global,stop_supervisor},
                            simple_one_for_one,
                            [{child,undefined,stop,
                                 {stop,start_link,[]},
                                 transient,1000,worker,
                                 [stop]}],
                            {dict,0,16,16,8,80,48,
                                {[],[],[],[],[],[],[],[],[],[],[],[],[],[],[],
                                 []},
                                {{[],[],[],[],[],[],[],[],[],[],[],[],[],[],
                                  [],[]}}},
                            0,1,[],stop_supervisor,[]}
** Reason for termination == 
** {#Ref<0.0.2.48556>,2001,ok,[{stop_SUITE,vehicle_check_in_case}],[]}

=CRASH REPORT==== 28-Jul-2016::19:34:53 ===
  crasher:
    initial call: supervisor:stop_supervisor/1
    pid: <0.12018.0>
    registered_name: []
    exception exit: {#Ref<0.0.2.48556>,2001,ok,
                     [{stop_SUITE,vehicle_check_in_case}],
                     []}
      in function  gen_server:terminate/7 (gen_server.erl, line 826)
    ancestors: [<0.12015.0>]
    messages: []
    links: []
    dictionary: [{module,"stop_supervisor"},{id,stop_supervisor}]
    trap_exit: true
    status: running
    heap_size: 376
    stack_size: 27
    reductions: 323
  neighbours:

=ERROR REPORT==== 28-Jul-2016::19:34:53 ===
** Generic server stop_supervisor terminating 
** Last message in was {'EXIT',<0.12065.0>,
                               {#Ref<0.0.2.48977>,1833,ok,
                                [{stop_SUITE,vehicle_check_out_case}],
                                []}}
** When Server state == {state,
                            {global,stop_supervisor},
                            simple_one_for_one,
                            [{child,undefined,stop,
                                 {stop,start_link,[]},
                                 transient,1000,worker,
                                 [stop]}],
                            {dict,0,16,16,8,80,48,
                                {[],[],[],[],[],[],[],[],[],[],[],[],[],[],[],
                                 []},
                                {{[],[],[],[],[],[],[],[],[],[],[],[],[],[],
                                  [],[]}}},
                            0,1,[],stop_supervisor,[]}
** Reason for termination == 
** {#Ref<0.0.2.48977>,1833,ok,[{stop_SUITE,vehicle_check_out_case}],[]}

=CRASH REPORT==== 28-Jul-2016::19:34:53 ===
  crasher:
    initial call: supervisor:stop_supervisor/1
    pid: <0.12068.0>
    registered_name: []
    exception exit: {#Ref<0.0.2.48977>,1833,ok,
                     [{stop_SUITE,vehicle_check_out_case}],
                     []}
      in function  gen_server:terminate/7 (gen_server.erl, line 826)
    ancestors: [<0.12065.0>]
    messages: []
    links: []
    dictionary: [{module,"stop_supervisor"},{id,stop_supervisor}]
    trap_exit: true
    status: running
    heap_size: 376
    stack_size: 27
    reductions: 323
  neighbours:

=ERROR REPORT==== 28-Jul-2016::19:34:53 ===
** Generic server stop_supervisor terminating 
** Last message in was {'EXIT',<0.12145.0>,
                               {#Ref<0.0.2.49158>,406,ok,
                                [{stop_SUITE,invalid_vehicle_check_out_case}],
                                []}}
** When Server state == {state,
                            {global,stop_supervisor},
                            simple_one_for_one,
                            [{child,undefined,stop,
                                 {stop,start_link,[]},
                                 transient,1000,worker,
                                 [stop]}],
                            {dict,0,16,16,8,80,48,
                                {[],[],[],[],[],[],[],[],[],[],[],[],[],[],[],
                                 []},
                                {{[],[],[],[],[],[],[],[],[],[],[],[],[],[],
                                  [],[]}}},
                            0,1,[],stop_supervisor,[]}
** Reason for termination == 
** {#Ref<0.0.2.49158>,406,ok,[{stop_SUITE,invalid_vehicle_check_out_case}],[]}

=CRASH REPORT==== 28-Jul-2016::19:34:53 ===
  crasher:
    initial call: supervisor:stop_supervisor/1
    pid: <0.12148.0>
    registered_name: []
    exception exit: {#Ref<0.0.2.49158>,406,ok,
                     [{stop_SUITE,invalid_vehicle_check_out_case}],
                     []}
      in function  gen_server:terminate/7 (gen_server.erl, line 826)
    ancestors: [<0.12145.0>]
    messages: []
    links: []
    dictionary: [{module,"stop_supervisor"},{id,stop_supervisor}]
    trap_exit: true
    status: running
    heap_size: 376
    stack_size: 27
    reductions: 323
  neighbours:

=ERROR REPORT==== 28-Jul-2016::19:34:53 ===
** Generic server vehicle_supervisor terminating 
** Last message in was {'EXIT',<0.12176.0>,
                               {#Ref<0.0.2.49640>,719,ok,
                                [{vehicle_SUITE,checkin_ok_case}],
                                []}}
** When Server state == {state,
                            {global,vehicle_supervisor},
                            simple_one_for_one,
                            [{child,undefined,vehicle,
                                 {vehicle,start_link,[]},
                                 transient,1000,worker,
                                 [vehicle]}],
                            {dict,0,16,16,8,80,48,
                                {[],[],[],[],[],[],[],[],[],[],[],[],[],[],[],
                                 []},
                                {{[],[],[],[],[],[],[],[],[],[],[],[],[],[],
                                  [],[]}}},
                            0,1,[],vehicle_supervisor,[]}
** Reason for termination == 
** {#Ref<0.0.2.49640>,719,ok,[{vehicle_SUITE,checkin_ok_case}],[]}

=CRASH REPORT==== 28-Jul-2016::19:34:53 ===
  crasher:
    initial call: supervisor:vehicle_supervisor/1
    pid: <0.12179.0>
    registered_name: []
    exception exit: {#Ref<0.0.2.49640>,719,ok,
                     [{vehicle_SUITE,checkin_ok_case}],
                     []}
      in function  gen_server:terminate/7 (gen_server.erl, line 826)
    ancestors: [<0.12176.0>]
    messages: []
    links: []
    dictionary: [{module,"vehicle_supervisor"},{id,vehicle_supervisor}]
    trap_exit: true
    status: running
    heap_size: 610
    stack_size: 27
    reductions: 315
  neighbours:

=ERROR REPORT==== 28-Jul-2016::19:34:53 ===
** Generic server vehicle_supervisor terminating 
** Last message in was {'EXIT',<0.12215.0>,
                           {#Ref<0.0.2.50012>,1486,ok,
                            [{vehicle_SUITE,
                                 boarding_passenger_capacity_reached_case}],
                            []}}
** When Server state == {state,
                            {global,vehicle_supervisor},
                            simple_one_for_one,
                            [{child,undefined,vehicle,
                                 {vehicle,start_link,[]},
                                 transient,1000,worker,
                                 [vehicle]}],
                            {dict,0,16,16,8,80,48,
                                {[],[],[],[],[],[],[],[],[],[],[],[],[],[],[],
                                 []},
                                {{[],[],[],[],[],[],[],[],[],[],[],[],[],[],
                                  [],[]}}},
                            0,1,[],vehicle_supervisor,[]}
** Reason for termination == 
** {#Ref<0.0.2.50012>,1486,ok,
    [{vehicle_SUITE,boarding_passenger_capacity_reached_case}],
    []}

=CRASH REPORT==== 28-Jul-2016::19:34:53 ===
  crasher:
    initial call: supervisor:vehicle_supervisor/1
    pid: <0.12218.0>
    registered_name: []
    exception exit: {#Ref<0.0.2.50012>,1486,ok,
                     [{vehicle_SUITE,boarding_passenger_capacity_reached_case}],
                     []}
      in function  gen_server:terminate/7 (gen_server.erl, line 826)
    ancestors: [<0.12215.0>]
    messages: []
    links: []
    dictionary: [{module,"vehicle_supervisor"},{id,vehicle_supervisor}]
    trap_exit: true
    status: running
    heap_size: 610
    stack_size: 27
    reductions: 315
  neighbours:

=ERROR REPORT==== 28-Jul-2016::19:34:53 ===
** Generic server vehicle_supervisor terminating 
** Last message in was {'EXIT',<0.12278.0>,
                           {#Ref<0.0.1.52291>,1243,ok,
                            [{vehicle_SUITE,
                                 boarding_passenger_below_capacity_case}],
                            []}}
** When Server state == {state,
                            {global,vehicle_supervisor},
                            simple_one_for_one,
                            [{child,undefined,vehicle,
                                 {vehicle,start_link,[]},
                                 transient,1000,worker,
                                 [vehicle]}],
                            {dict,0,16,16,8,80,48,
                                {[],[],[],[],[],[],[],[],[],[],[],[],[],[],[],
                                 []},
                                {{[],[],[],[],[],[],[],[],[],[],[],[],[],[],
                                  [],[]}}},
                            0,1,[],vehicle_supervisor,[]}
** Reason for termination == 
** {#Ref<0.0.1.52291>,1243,ok,
    [{vehicle_SUITE,boarding_passenger_below_capacity_case}],
    []}

=CRASH REPORT==== 28-Jul-2016::19:34:53 ===
  crasher:
    initial call: supervisor:vehicle_supervisor/1
    pid: <0.12281.0>
    registered_name: []
    exception exit: {#Ref<0.0.1.52291>,1243,ok,
                     [{vehicle_SUITE,boarding_passenger_below_capacity_case}],
                     []}
      in function  gen_server:terminate/7 (gen_server.erl, line 826)
    ancestors: [<0.12278.0>]
    messages: []
    links: []
    dictionary: [{module,"vehicle_supervisor"},{id,vehicle_supervisor}]
    trap_exit: true
    status: running
    heap_size: 610
    stack_size: 27
    reductions: 315
  neighbours:

=ERROR REPORT==== 28-Jul-2016::19:34:53 ===
** Generic server vehicle_supervisor terminating 
** Last message in was {'EXIT',<0.12335.0>,
                               {#Ref<0.0.1.52728>,2268,ok,
                                [{vehicle_SUITE,next_stop_reached_case}],
                                []}}
** When Server state == {state,
                            {global,vehicle_supervisor},
                            simple_one_for_one,
                            [{child,undefined,vehicle,
                                 {vehicle,start_link,[]},
                                 transient,1000,worker,
                                 [vehicle]}],
                            {dict,0,16,16,8,80,48,
                                {[],[],[],[],[],[],[],[],[],[],[],[],[],[],[],
                                 []},
                                {{[],[],[],[],[],[],[],[],[],[],[],[],[],[],
                                  [],[]}}},
                            0,1,[],vehicle_supervisor,[]}
** Reason for termination == 
** {#Ref<0.0.1.52728>,2268,ok,[{vehicle_SUITE,next_stop_reached_case}],[]}

=CRASH REPORT==== 28-Jul-2016::19:34:53 ===
  crasher:
    initial call: supervisor:vehicle_supervisor/1
    pid: <0.12338.0>
    registered_name: []
    exception exit: {#Ref<0.0.1.52728>,2268,ok,
                     [{vehicle_SUITE,next_stop_reached_case}],
                     []}
      in function  gen_server:terminate/7 (gen_server.erl, line 826)
    ancestors: [<0.12335.0>]
    messages: []
    links: []
    dictionary: [{module,"vehicle_supervisor"},{id,vehicle_supervisor}]
    trap_exit: true
    status: running
    heap_size: 610
    stack_size: 27
    reductions: 315
  neighbours:

=ERROR REPORT==== 28-Jul-2016::19:34:53 ===
** Generic server vehicle_supervisor terminating 
** Last message in was {'EXIT',<0.12404.0>,
                               {#Ref<0.0.1.52937>,1213,ok,
                                [{vehicle_SUITE,next_stop_not_reached_case}],
                                []}}
** When Server state == {state,
                            {global,vehicle_supervisor},
                            simple_one_for_one,
                            [{child,undefined,vehicle,
                                 {vehicle,start_link,[]},
                                 transient,1000,worker,
                                 [vehicle]}],
                            {dict,0,16,16,8,80,48,
                                {[],[],[],[],[],[],[],[],[],[],[],[],[],[],[],
                                 []},
                                {{[],[],[],[],[],[],[],[],[],[],[],[],[],[],
                                  [],[]}}},
                            0,1,[],vehicle_supervisor,[]}
** Reason for termination == 
** {#Ref<0.0.1.52937>,1213,ok,[{vehicle_SUITE,next_stop_not_reached_case}],[]}

=CRASH REPORT==== 28-Jul-2016::19:34:53 ===
  crasher:
    initial call: supervisor:vehicle_supervisor/1
    pid: <0.12407.0>
    registered_name: []
    exception exit: {#Ref<0.0.1.52937>,1213,ok,
                     [{vehicle_SUITE,next_stop_not_reached_case}],
                     []}
      in function  gen_server:terminate/7 (gen_server.erl, line 826)
    ancestors: [<0.12404.0>]
    messages: []
    links: []
    dictionary: [{module,"vehicle_supervisor"},{id,vehicle_supervisor}]
    trap_exit: true
    status: running
    heap_size: 610
    stack_size: 27
    reductions: 315
  neighbours:

=ERROR REPORT==== 28-Jul-2016::19:34:53 ===
** Generic server vehicle_supervisor terminating 
** Last message in was {'EXIT',<0.12465.0>,
                               {#Ref<0.0.1.53204>,2019,ok,
                                [{vehicle_SUITE,target_stop_reached_case}],
                                []}}
** When Server state == {state,
                            {global,vehicle_supervisor},
                            simple_one_for_one,
                            [{child,undefined,vehicle,
                                 {vehicle,start_link,[]},
                                 transient,1000,worker,
                                 [vehicle]}],
                            {dict,0,16,16,8,80,48,
                                {[],[],[],[],[],[],[],[],[],[],[],[],[],[],[],
                                 []},
                                {{[],[],[],[],[],[],[],[],[],[],[],[],[],[],
                                  [],[]}}},
                            0,1,[],vehicle_supervisor,[]}
** Reason for termination == 
** {#Ref<0.0.1.53204>,2019,ok,[{vehicle_SUITE,target_stop_reached_case}],[]}

=CRASH REPORT==== 28-Jul-2016::19:34:53 ===
  crasher:
    initial call: supervisor:vehicle_supervisor/1
    pid: <0.12468.0>
    registered_name: []
    exception exit: {#Ref<0.0.1.53204>,2019,ok,
                     [{vehicle_SUITE,target_stop_reached_case}],
                     []}
      in function  gen_server:terminate/7 (gen_server.erl, line 826)
    ancestors: [<0.12465.0>]
    messages: []
    links: []
    dictionary: [{module,"vehicle_supervisor"},{id,vehicle_supervisor}]
    trap_exit: true
    status: running
    heap_size: 610
    stack_size: 27
    reductions: 315
  neighbours:

=ERROR REPORT==== 28-Jul-2016::19:34:53 ===
** Generic server vehicle_supervisor terminating 
** Last message in was {'EXIT',<0.12538.0>,
                           {#Ref<0.0.1.53492>,1371,ok,
                            [{vehicle_SUITE,
                                 increment_boarding_passenger_case}],
                            []}}
** When Server state == {state,
                            {global,vehicle_supervisor},
                            simple_one_for_one,
                            [{child,undefined,vehicle,
                                 {vehicle,start_link,[]},
                                 transient,1000,worker,
                                 [vehicle]}],
                            {dict,0,16,16,8,80,48,
                                {[],[],[],[],[],[],[],[],[],[],[],[],[],[],[],
                                 []},
                                {{[],[],[],[],[],[],[],[],[],[],[],[],[],[],
                                  [],[]}}},
                            0,1,[],vehicle_supervisor,[]}
** Reason for termination == 
** {#Ref<0.0.1.53492>,1371,ok,
    [{vehicle_SUITE,increment_boarding_passenger_case}],
    []}

=CRASH REPORT==== 28-Jul-2016::19:34:53 ===
  crasher:
    initial call: supervisor:vehicle_supervisor/1
    pid: <0.12541.0>
    registered_name: []
    exception exit: {#Ref<0.0.1.53492>,1371,ok,
                     [{vehicle_SUITE,increment_boarding_passenger_case}],
                     []}
      in function  gen_server:terminate/7 (gen_server.erl, line 826)
    ancestors: [<0.12538.0>]
    messages: []
    links: []
    dictionary: [{module,"vehicle_supervisor"},{id,vehicle_supervisor}]
    trap_exit: true
    status: running
    heap_size: 610
    stack_size: 27
    reductions: 315
  neighbours:

=ERROR REPORT==== 28-Jul-2016::19:34:54 ===
** Generic server vehicle_supervisor terminating 
** Last message in was {'EXIT',<0.12599.0>,
                               {#Ref<0.0.1.53738>,756,ok,
                                [{vehicle_SUITE,new_time_not_driving_case}],
                                []}}
** When Server state == {state,
                            {global,vehicle_supervisor},
                            simple_one_for_one,
                            [{child,undefined,vehicle,
                                 {vehicle,start_link,[]},
                                 transient,1000,worker,
                                 [vehicle]}],
                            {dict,0,16,16,8,80,48,
                                {[],[],[],[],[],[],[],[],[],[],[],[],[],[],[],
                                 []},
                                {{[],[],[],[],[],[],[],[],[],[],[],[],[],[],
                                  [],[]}}},
                            0,1,[],vehicle_supervisor,[]}
** Reason for termination == 
** {#Ref<0.0.1.53738>,756,ok,[{vehicle_SUITE,new_time_not_driving_case}],[]}

=CRASH REPORT==== 28-Jul-2016::19:34:54 ===
  crasher:
    initial call: supervisor:vehicle_supervisor/1
    pid: <0.12602.0>
    registered_name: []
    exception exit: {#Ref<0.0.1.53738>,756,ok,
                     [{vehicle_SUITE,new_time_not_driving_case}],
                     []}
      in function  gen_server:terminate/7 (gen_server.erl, line 826)
    ancestors: [<0.12599.0>]
    messages: []
    links: []
    dictionary: [{module,"vehicle_supervisor"},{id,vehicle_supervisor}]
    trap_exit: true
    status: running
    heap_size: 610
    stack_size: 27
    reductions: 315
  neighbours:
Testing client.public_transport: TEST COMPLETE, 22 ok, 1 failed of 23 test cases

Cover analysing... done

Updating /home/travis/build/SoamJaws/wErld/test/logs/index.html... done
Updating /home/travis/build/SoamJaws/wErld/test/logs/all_runs.html... done

