--- Test run on 2016/07/29 13:26:14 ---

=PROGRESS REPORT==== 29-Jul-2016::13:26:14 ===
          supervisor: {local,sasl_safe_sup}
             started: [{pid,<0.40.0>},
                       {id,alarm_handler},
                       {mfargs,{alarm_handler,start_link,[]}},
                       {restart_type,permanent},
                       {shutdown,2000},
                       {child_type,worker}]

=PROGRESS REPORT==== 29-Jul-2016::13:26:14 ===
          supervisor: {local,sasl_safe_sup}
             started: [{pid,<0.41.0>},
                       {id,overload},
                       {mfargs,{overload,start_link,[]}},
                       {restart_type,permanent},
                       {shutdown,2000},
                       {child_type,worker}]

=PROGRESS REPORT==== 29-Jul-2016::13:26:14 ===
          supervisor: {local,sasl_sup}
             started: [{pid,<0.39.0>},
                       {id,sasl_safe_sup},
                       {mfargs,
                           {supervisor,start_link,
                               [{local,sasl_safe_sup},sasl,safe]}},
                       {restart_type,permanent},
                       {shutdown,infinity},
                       {child_type,supervisor}]

=PROGRESS REPORT==== 29-Jul-2016::13:26:14 ===
          supervisor: {local,sasl_sup}
             started: [{pid,<0.42.0>},
                       {id,release_handler},
                       {mfargs,{release_handler,start_link,[]}},
                       {restart_type,permanent},
                       {shutdown,2000},
                       {child_type,worker}]

=PROGRESS REPORT==== 29-Jul-2016::13:26:14 ===
         application: sasl
          started_at: 'test@testing-worker-linux-docker-0eeef888-3468-linux-3'
Converting "/home/travis/build/SoamJaws/wErld/." to "/home/travis/build/SoamJaws/wErld" and re-inserting with add_patha/1


Common Test v1.11.1 starting (cwd is /home/travis/build/SoamJaws/wErld)


Common Test: Running make in test directories...
Including the following directories:
"/home/travis/build/SoamJaws/wErld/include"
Recompile: vehicle_SUITE
vehicle_SUITE.erl:129: Warning: variable 'P1' is unused
vehicle_SUITE.erl:130: Warning: variable 'P2' is unused
vehicle_SUITE.erl:131: Warning: variable 'P3' is unused
vehicle_SUITE.erl:132: Warning: variable 'P4' is unused
vehicle_SUITE.erl:171: Warning: variable 'P4' is unused
vehicle_SUITE.erl:192: Warning: variable 'P4' is unused
vehicle_SUITE.erl:219: Warning: variable 'P4' is unused
vehicle_SUITE.erl:238: Warning: variable 'S1' is unused
vehicle_SUITE.erl:242: Warning: variable 'P4' is unused
vehicle_SUITE.erl:271: Warning: variable 'P4' is unused
vehicle_SUITE.erl:291: Warning: variable 'P1' is unused
vehicle_SUITE.erl:292: Warning: variable 'P2' is unused
vehicle_SUITE.erl:293: Warning: variable 'P3' is unused
vehicle_SUITE.erl:294: Warning: variable 'P4' is unused
Recompile: stop_SUITE
Recompile: public_transport_SUITE
public_transport_SUITE.erl:22: variable 'TestCase' is unbound
public_transport_SUITE.erl:17: Warning: variable 'PublicTransportSupervisor' is unused
Recompile: line_SUITE
{error,make_failed}


CWD set to: "/home/travis/build/SoamJaws/wErld/test/logs/ct_run.test@testing-worker-linux-docker-0eeef888-3468-linux-3.2016-07-29_13.26.14"

TEST INFO: 1 test(s), 22 case(s) in 3 suite(s)

Cover compiling 'wErld' (11 files) - this may take some time... done

Testing client.public_transport: Starting test, 22 test cases

=ERROR REPORT==== 29-Jul-2016::13:26:16 ===
** Generic server line_supervisor terminating 
** Last message in was {'EXIT',<0.481.0>,
                               {#Ref<0.0.2.4645>,1935,ok,
                                [{line_SUITE,get_next_stop_case}],
                                []}}
** When Server state == {state,
                            {global,line_supervisor},
                            simple_one_for_one,
                            [{child,undefined,line,
                                 {line,start_link,[]},
                                 transient,1000,worker,
                                 [line]}],
                            {dict,0,16,16,8,80,48,
                                {[],[],[],[],[],[],[],[],[],[],[],[],[],[],[],
                                 []},
                                {{[],[],[],[],[],[],[],[],[],[],[],[],[],[],
                                  [],[]}}},
                            0,1,[],line_supervisor,[]}
** Reason for termination == 
** {#Ref<0.0.2.4645>,1935,ok,[{line_SUITE,get_next_stop_case}],[]}

=CRASH REPORT==== 29-Jul-2016::13:26:16 ===
  crasher:
    initial call: supervisor:line_supervisor/1
    pid: <0.484.0>
    registered_name: []
    exception exit: {#Ref<0.0.2.4645>,1935,ok,
                     [{line_SUITE,get_next_stop_case}],
                     []}
      in function  gen_server:terminate/7 (gen_server.erl, line 826)
    ancestors: [<0.481.0>]
    messages: []
    links: []
    dictionary: [{module,"line_supervisor"},{id,line_supervisor}]
    trap_exit: true
    status: running
    heap_size: 610
    stack_size: 27
    reductions: 347
  neighbours:

=ERROR REPORT==== 29-Jul-2016::13:26:16 ===
** Generic server line_supervisor terminating 
** Last message in was {'EXIT',<0.538.0>,
                               {#Ref<0.0.2.4820>,580,ok,
                                [{line_SUITE,get_other_end_case}],
                                []}}
** When Server state == {state,
                            {global,line_supervisor},
                            simple_one_for_one,
                            [{child,undefined,line,
                                 {line,start_link,[]},
                                 transient,1000,worker,
                                 [line]}],
                            {dict,0,16,16,8,80,48,
                                {[],[],[],[],[],[],[],[],[],[],[],[],[],[],[],
                                 []},
                                {{[],[],[],[],[],[],[],[],[],[],[],[],[],[],
                                  [],[]}}},
                            0,1,[],line_supervisor,[]}
** Reason for termination == 
** {#Ref<0.0.2.4820>,580,ok,[{line_SUITE,get_other_end_case}],[]}

=CRASH REPORT==== 29-Jul-2016::13:26:16 ===
  crasher:
    initial call: supervisor:line_supervisor/1
    pid: <0.541.0>
    registered_name: []
    exception exit: {#Ref<0.0.2.4820>,580,ok,
                     [{line_SUITE,get_other_end_case}],
                     []}
      in function  gen_server:terminate/7 (gen_server.erl, line 826)
    ancestors: [<0.538.0>]
    messages: []
    links: []
    dictionary: [{module,"line_supervisor"},{id,line_supervisor}]
    trap_exit: true
    status: running
    heap_size: 376
    stack_size: 27
    reductions: 338
  neighbours:

=ERROR REPORT==== 29-Jul-2016::13:26:16 ===
** Generic server line_supervisor terminating 
** Last message in was {'EXIT',<0.558.0>,
                               {#Ref<0.0.2.5091>,619,ok,
                                [{line_SUITE,is_end_stop_case}],
                                []}}
** When Server state == {state,
                            {global,line_supervisor},
                            simple_one_for_one,
                            [{child,undefined,line,
                                 {line,start_link,[]},
                                 transient,1000,worker,
                                 [line]}],
                            {dict,0,16,16,8,80,48,
                                {[],[],[],[],[],[],[],[],[],[],[],[],[],[],[],
                                 []},
                                {{[],[],[],[],[],[],[],[],[],[],[],[],[],[],
                                  [],[]}}},
                            0,1,[],line_supervisor,[]}
** Reason for termination == 
** {#Ref<0.0.2.5091>,619,ok,[{line_SUITE,is_end_stop_case}],[]}

=CRASH REPORT==== 29-Jul-2016::13:26:16 ===
  crasher:
    initial call: supervisor:line_supervisor/1
    pid: <0.561.0>
    registered_name: []
    exception exit: {#Ref<0.0.2.5091>,619,ok,
                     [{line_SUITE,is_end_stop_case}],
                     []}
      in function  gen_server:terminate/7 (gen_server.erl, line 826)
    ancestors: [<0.558.0>]
    messages: []
    links: []
    dictionary: [{module,"line_supervisor"},{id,line_supervisor}]
    trap_exit: true
    status: running
    heap_size: 376
    stack_size: 27
    reductions: 338
  neighbours:

=ERROR REPORT==== 29-Jul-2016::13:26:16 ===
** Generic server line_supervisor terminating 
** Last message in was {'EXIT',<0.584.0>,
                               {#Ref<0.0.2.5398>,287,ok,
                                [{line_SUITE,get_number_case}],
                                []}}
** When Server state == {state,
                            {global,line_supervisor},
                            simple_one_for_one,
                            [{child,undefined,line,
                                 {line,start_link,[]},
                                 transient,1000,worker,
                                 [line]}],
                            {dict,0,16,16,8,80,48,
                                {[],[],[],[],[],[],[],[],[],[],[],[],[],[],[],
                                 []},
                                {{[],[],[],[],[],[],[],[],[],[],[],[],[],[],
                                  [],[]}}},
                            0,1,[],line_supervisor,[]}
** Reason for termination == 
** {#Ref<0.0.2.5398>,287,ok,[{line_SUITE,get_number_case}],[]}

=CRASH REPORT==== 29-Jul-2016::13:26:16 ===
  crasher:
    initial call: supervisor:line_supervisor/1
    pid: <0.587.0>
    registered_name: []
    exception exit: {#Ref<0.0.2.5398>,287,ok,
                     [{line_SUITE,get_number_case}],
                     []}
      in function  gen_server:terminate/7 (gen_server.erl, line 826)
    ancestors: [<0.584.0>]
    messages: []
    links: []
    dictionary: [{module,"line_supervisor"},{id,line_supervisor}]
    trap_exit: true
    status: running
    heap_size: 376
    stack_size: 27
    reductions: 338
  neighbours:

=ERROR REPORT==== 29-Jul-2016::13:26:16 ===
** Generic server line_supervisor terminating 
** Last message in was {'EXIT',<0.608.0>,
                               {#Ref<0.0.2.5916>,777,ok,
                                [{line_SUITE,contains_stop_case}],
                                []}}
** When Server state == {state,
                            {global,line_supervisor},
                            simple_one_for_one,
                            [{child,undefined,line,
                                 {line,start_link,[]},
                                 transient,1000,worker,
                                 [line]}],
                            {dict,0,16,16,8,80,48,
                                {[],[],[],[],[],[],[],[],[],[],[],[],[],[],[],
                                 []},
                                {{[],[],[],[],[],[],[],[],[],[],[],[],[],[],
                                  [],[]}}},
                            0,1,[],line_supervisor,[]}
** Reason for termination == 
** {#Ref<0.0.2.5916>,777,ok,[{line_SUITE,contains_stop_case}],[]}

=CRASH REPORT==== 29-Jul-2016::13:26:16 ===
  crasher:
    initial call: supervisor:line_supervisor/1
    pid: <0.611.0>
    registered_name: []
    exception exit: {#Ref<0.0.2.5916>,777,ok,
                     [{line_SUITE,contains_stop_case}],
                     []}
      in function  gen_server:terminate/7 (gen_server.erl, line 826)
    ancestors: [<0.608.0>]
    messages: []
    links: []
    dictionary: [{module,"line_supervisor"},{id,line_supervisor}]
    trap_exit: true
    status: running
    heap_size: 376
    stack_size: 27
    reductions: 338
  neighbours:

=ERROR REPORT==== 29-Jul-2016::13:26:16 ===
** Generic server line_supervisor terminating 
** Last message in was {'EXIT',<0.651.0>,
                               {#Ref<0.0.2.6389>,1093,ok,
                                [{line_SUITE,get_neighbors_case}],
                                []}}
** When Server state == {state,
                            {global,line_supervisor},
                            simple_one_for_one,
                            [{child,undefined,line,
                                 {line,start_link,[]},
                                 transient,1000,worker,
                                 [line]}],
                            {dict,0,16,16,8,80,48,
                                {[],[],[],[],[],[],[],[],[],[],[],[],[],[],[],
                                 []},
                                {{[],[],[],[],[],[],[],[],[],[],[],[],[],[],
                                  [],[]}}},
                            0,1,[],line_supervisor,[]}
** Reason for termination == 
** {#Ref<0.0.2.6389>,1093,ok,[{line_SUITE,get_neighbors_case}],[]}

=CRASH REPORT==== 29-Jul-2016::13:26:16 ===
  crasher:
    initial call: supervisor:line_supervisor/1
    pid: <0.654.0>
    registered_name: []
    exception exit: {#Ref<0.0.2.6389>,1093,ok,
                     [{line_SUITE,get_neighbors_case}],
                     []}
      in function  gen_server:terminate/7 (gen_server.erl, line 826)
    ancestors: [<0.651.0>]
    messages: []
    links: []
    dictionary: [{module,"line_supervisor"},{id,line_supervisor}]
    trap_exit: true
    status: running
    heap_size: 610
    stack_size: 27
    reductions: 335
  neighbours:

=ERROR REPORT==== 29-Jul-2016::13:26:16 ===
** Generic server line_supervisor terminating 
** Last message in was {'EXIT',<0.689.0>,
                               {#Ref<0.0.2.6552>,18050,ok,
                                [{line_SUITE,get_duration_case}],
                                []}}
** When Server state == {state,
                            {global,line_supervisor},
                            simple_one_for_one,
                            [{child,undefined,line,
                                 {line,start_link,[]},
                                 transient,1000,worker,
                                 [line]}],
                            {dict,0,16,16,8,80,48,
                                {[],[],[],[],[],[],[],[],[],[],[],[],[],[],[],
                                 []},
                                {{[],[],[],[],[],[],[],[],[],[],[],[],[],[],
                                  [],[]}}},
                            0,1,[],line_supervisor,[]}
** Reason for termination == 
** {#Ref<0.0.2.6552>,18050,ok,[{line_SUITE,get_duration_case}],[]}

=CRASH REPORT==== 29-Jul-2016::13:26:16 ===
  crasher:
    initial call: supervisor:line_supervisor/1
    pid: <0.692.0>
    registered_name: []
    exception exit: {#Ref<0.0.2.6552>,18050,ok,
                     [{line_SUITE,get_duration_case}],
                     []}
      in function  gen_server:terminate/7 (gen_server.erl, line 826)
    ancestors: [<0.689.0>]
    messages: []
    links: []
    dictionary: [{module,"line_supervisor"},{id,line_supervisor}]
    trap_exit: true
    status: running
    heap_size: 610
    stack_size: 27
    reductions: 335
  neighbours:

=ERROR REPORT==== 29-Jul-2016::13:26:16 ===
** Generic server line_supervisor terminating 
** Last message in was {'EXIT',<0.937.0>,
                               {#Ref<0.0.2.6760>,3124,ok,
                                [{line_SUITE,get_target_case}],
                                []}}
** When Server state == {state,
                            {global,line_supervisor},
                            simple_one_for_one,
                            [{child,undefined,line,
                                 {line,start_link,[]},
                                 transient,1000,worker,
                                 [line]}],
                            {dict,0,16,16,8,80,48,
                                {[],[],[],[],[],[],[],[],[],[],[],[],[],[],[],
                                 []},
                                {{[],[],[],[],[],[],[],[],[],[],[],[],[],[],
                                  [],[]}}},
                            0,1,[],line_supervisor,[]}
** Reason for termination == 
** {#Ref<0.0.2.6760>,3124,ok,[{line_SUITE,get_target_case}],[]}

=CRASH REPORT==== 29-Jul-2016::13:26:16 ===
  crasher:
    initial call: supervisor:line_supervisor/1
    pid: <0.940.0>
    registered_name: []
    exception exit: {#Ref<0.0.2.6760>,3124,ok,
                     [{line_SUITE,get_target_case}],
                     []}
      in function  gen_server:terminate/7 (gen_server.erl, line 826)
    ancestors: [<0.937.0>]
    messages: []
    links: []
    dictionary: [{module,"line_supervisor"},{id,line_supervisor}]
    trap_exit: true
    status: running
    heap_size: 610
    stack_size: 27
    reductions: 335
  neighbours:

=ERROR REPORT==== 29-Jul-2016::13:26:16 ===
** Generic server line_supervisor terminating 
** Last message in was {'EXIT',<0.994.0>,
                               {#Ref<0.0.2.7244>,12910,ok,
                                [{line_SUITE,get_intersection_case}],
                                []}}
** When Server state == {state,
                            {global,line_supervisor},
                            simple_one_for_one,
                            [{child,undefined,line,
                                 {line,start_link,[]},
                                 transient,1000,worker,
                                 [line]}],
                            {dict,0,16,16,8,80,48,
                                {[],[],[],[],[],[],[],[],[],[],[],[],[],[],[],
                                 []},
                                {{[],[],[],[],[],[],[],[],[],[],[],[],[],[],
                                  [],[]}}},
                            0,1,[],line_supervisor,[]}
** Reason for termination == 
** {#Ref<0.0.2.7244>,12910,ok,[{line_SUITE,get_intersection_case}],[]}

=CRASH REPORT==== 29-Jul-2016::13:26:16 ===
  crasher:
    initial call: supervisor:line_supervisor/1
    pid: <0.997.0>
    registered_name: []
    exception exit: {#Ref<0.0.2.7244>,12910,ok,
                     [{line_SUITE,get_intersection_case}],
                     []}
      in function  gen_server:terminate/7 (gen_server.erl, line 826)
    ancestors: [<0.994.0>]
    messages: []
    links: []
    dictionary: [{module,"line_supervisor"},{id,line_supervisor}]
    trap_exit: true
    status: running
    heap_size: 987
    stack_size: 27
    reductions: 609
  neighbours:

- - - - - - - - - - - - - - - - - - - - - - - - - - - - - - - - - - - - - - - -
Error detected: 'public_transport_SUITE can not be compiled or loaded'
- - - - - - - - - - - - - - - - - - - - - - - - - - - - - - - - - - - - - - - -

Testing client.public_transport: *** FAILED {ct_framework,error_in_suite} ***

=ERROR REPORT==== 29-Jul-2016::13:26:17 ===
** Generic server stop_supervisor terminating 
** Last message in was {'EXIT',<0.1335.0>,
                               {#Ref<0.0.1.6354>,668,ok,
                                [{stop_SUITE,passenger_check_in_case}],
                                []}}
** When Server state == {state,
                            {global,stop_supervisor},
                            simple_one_for_one,
                            [{child,undefined,stop,
                                 {stop,start_link,[]},
                                 transient,1000,worker,
                                 [stop]}],
                            {dict,0,16,16,8,80,48,
                                {[],[],[],[],[],[],[],[],[],[],[],[],[],[],[],
                                 []},
                                {{[],[],[],[],[],[],[],[],[],[],[],[],[],[],
                                  [],[]}}},
                            0,1,[],stop_supervisor,[]}
** Reason for termination == 
** {#Ref<0.0.1.6354>,668,ok,[{stop_SUITE,passenger_check_in_case}],[]}

=CRASH REPORT==== 29-Jul-2016::13:26:17 ===
  crasher:
    initial call: supervisor:stop_supervisor/1
    pid: <0.1338.0>
    registered_name: []
    exception exit: {#Ref<0.0.1.6354>,668,ok,
                     [{stop_SUITE,passenger_check_in_case}],
                     []}
      in function  gen_server:terminate/7 (gen_server.erl, line 826)
    ancestors: [<0.1335.0>]
    messages: []
    links: []
    dictionary: [{module,"stop_supervisor"},{id,stop_supervisor}]
    trap_exit: true
    status: running
    heap_size: 376
    stack_size: 27
    reductions: 323
  neighbours:

=ERROR REPORT==== 29-Jul-2016::13:26:17 ===
** Generic server stop_supervisor terminating 
** Last message in was {'EXIT',<0.1375.0>,
                               {#Ref<0.0.1.6714>,2983,ok,
                                [{stop_SUITE,passenger_check_out_case}],
                                []}}
** When Server state == {state,
                            {global,stop_supervisor},
                            simple_one_for_one,
                            [{child,undefined,stop,
                                 {stop,start_link,[]},
                                 transient,1000,worker,
                                 [stop]}],
                            {dict,0,16,16,8,80,48,
                                {[],[],[],[],[],[],[],[],[],[],[],[],[],[],[],
                                 []},
                                {{[],[],[],[],[],[],[],[],[],[],[],[],[],[],
                                  [],[]}}},
                            0,1,[],stop_supervisor,[]}
** Reason for termination == 
** {#Ref<0.0.1.6714>,2983,ok,[{stop_SUITE,passenger_check_out_case}],[]}

=CRASH REPORT==== 29-Jul-2016::13:26:17 ===
  crasher:
    initial call: supervisor:stop_supervisor/1
    pid: <0.1378.0>
    registered_name: []
    exception exit: {#Ref<0.0.1.6714>,2983,ok,
                     [{stop_SUITE,passenger_check_out_case}],
                     []}
      in function  gen_server:terminate/7 (gen_server.erl, line 826)
    ancestors: [<0.1375.0>]
    messages: []
    links: []
    dictionary: [{module,"stop_supervisor"},{id,stop_supervisor}]
    trap_exit: true
    status: running
    heap_size: 376
    stack_size: 27
    reductions: 323
  neighbours:

=ERROR REPORT==== 29-Jul-2016::13:26:17 ===
** Generic server stop_supervisor terminating 
** Last message in was {'EXIT',<0.1433.0>,
                               {#Ref<0.0.2.8285>,1613,ok,
                                [{stop_SUITE,vehicle_check_in_case}],
                                []}}
** When Server state == {state,
                            {global,stop_supervisor},
                            simple_one_for_one,
                            [{child,undefined,stop,
                                 {stop,start_link,[]},
                                 transient,1000,worker,
                                 [stop]}],
                            {dict,0,16,16,8,80,48,
                                {[],[],[],[],[],[],[],[],[],[],[],[],[],[],[],
                                 []},
                                {{[],[],[],[],[],[],[],[],[],[],[],[],[],[],
                                  [],[]}}},
                            0,1,[],stop_supervisor,[]}
** Reason for termination == 
** {#Ref<0.0.2.8285>,1613,ok,[{stop_SUITE,vehicle_check_in_case}],[]}

=CRASH REPORT==== 29-Jul-2016::13:26:17 ===
  crasher:
    initial call: supervisor:stop_supervisor/1
    pid: <0.1436.0>
    registered_name: []
    exception exit: {#Ref<0.0.2.8285>,1613,ok,
                     [{stop_SUITE,vehicle_check_in_case}],
                     []}
      in function  gen_server:terminate/7 (gen_server.erl, line 826)
    ancestors: [<0.1433.0>]
    messages: []
    links: []
    dictionary: [{module,"stop_supervisor"},{id,stop_supervisor}]
    trap_exit: true
    status: running
    heap_size: 376
    stack_size: 27
    reductions: 323
  neighbours:

=ERROR REPORT==== 29-Jul-2016::13:26:17 ===
** Generic server stop_supervisor terminating 
** Last message in was {'EXIT',<0.1485.0>,
                               {#Ref<0.0.2.8453>,2062,ok,
                                [{stop_SUITE,vehicle_check_out_case}],
                                []}}
** When Server state == {state,
                            {global,stop_supervisor},
                            simple_one_for_one,
                            [{child,undefined,stop,
                                 {stop,start_link,[]},
                                 transient,1000,worker,
                                 [stop]}],
                            {dict,0,16,16,8,80,48,
                                {[],[],[],[],[],[],[],[],[],[],[],[],[],[],[],
                                 []},
                                {{[],[],[],[],[],[],[],[],[],[],[],[],[],[],
                                  [],[]}}},
                            0,1,[],stop_supervisor,[]}
** Reason for termination == 
** {#Ref<0.0.2.8453>,2062,ok,[{stop_SUITE,vehicle_check_out_case}],[]}

=CRASH REPORT==== 29-Jul-2016::13:26:17 ===
  crasher:
    initial call: supervisor:stop_supervisor/1
    pid: <0.1488.0>
    registered_name: []
    exception exit: {#Ref<0.0.2.8453>,2062,ok,
                     [{stop_SUITE,vehicle_check_out_case}],
                     []}
      in function  gen_server:terminate/7 (gen_server.erl, line 826)
    ancestors: [<0.1485.0>]
    messages: []
    links: []
    dictionary: [{module,"stop_supervisor"},{id,stop_supervisor}]
    trap_exit: true
    status: running
    heap_size: 376
    stack_size: 27
    reductions: 323
  neighbours:

=ERROR REPORT==== 29-Jul-2016::13:26:17 ===
** Generic server stop_supervisor terminating 
** Last message in was {'EXIT',<0.1567.0>,
                               {#Ref<0.0.1.7238>,489,ok,
                                [{stop_SUITE,invalid_vehicle_check_out_case}],
                                []}}
** When Server state == {state,
                            {global,stop_supervisor},
                            simple_one_for_one,
                            [{child,undefined,stop,
                                 {stop,start_link,[]},
                                 transient,1000,worker,
                                 [stop]}],
                            {dict,0,16,16,8,80,48,
                                {[],[],[],[],[],[],[],[],[],[],[],[],[],[],[],
                                 []},
                                {{[],[],[],[],[],[],[],[],[],[],[],[],[],[],
                                  [],[]}}},
                            0,1,[],stop_supervisor,[]}
** Reason for termination == 
** {#Ref<0.0.1.7238>,489,ok,[{stop_SUITE,invalid_vehicle_check_out_case}],[]}

=CRASH REPORT==== 29-Jul-2016::13:26:17 ===
  crasher:
    initial call: supervisor:stop_supervisor/1
    pid: <0.1570.0>
    registered_name: []
    exception exit: {#Ref<0.0.1.7238>,489,ok,
                     [{stop_SUITE,invalid_vehicle_check_out_case}],
                     []}
      in function  gen_server:terminate/7 (gen_server.erl, line 826)
    ancestors: [<0.1567.0>]
    messages: []
    links: []
    dictionary: [{module,"stop_supervisor"},{id,stop_supervisor}]
    trap_exit: true
    status: running
    heap_size: 376
    stack_size: 27
    reductions: 323
  neighbours:

=ERROR REPORT==== 29-Jul-2016::13:26:17 ===
** Generic server vehicle_supervisor terminating 
** Last message in was {'EXIT',<0.1600.0>,
                               {#Ref<0.0.1.7812>,627,ok,
                                [{vehicle_SUITE,checkin_ok_case}],
                                []}}
** When Server state == {state,
                            {global,vehicle_supervisor},
                            simple_one_for_one,
                            [{child,undefined,vehicle,
                                 {vehicle,start_link,[]},
                                 transient,1000,worker,
                                 [vehicle]}],
                            {dict,0,16,16,8,80,48,
                                {[],[],[],[],[],[],[],[],[],[],[],[],[],[],[],
                                 []},
                                {{[],[],[],[],[],[],[],[],[],[],[],[],[],[],
                                  [],[]}}},
                            0,1,[],vehicle_supervisor,[]}
** Reason for termination == 
** {#Ref<0.0.1.7812>,627,ok,[{vehicle_SUITE,checkin_ok_case}],[]}

=CRASH REPORT==== 29-Jul-2016::13:26:17 ===
  crasher:
    initial call: supervisor:vehicle_supervisor/1
    pid: <0.1603.0>
    registered_name: []
    exception exit: {#Ref<0.0.1.7812>,627,ok,
                     [{vehicle_SUITE,checkin_ok_case}],
                     []}
      in function  gen_server:terminate/7 (gen_server.erl, line 826)
    ancestors: [<0.1600.0>]
    messages: []
    links: []
    dictionary: [{module,"vehicle_supervisor"},{id,vehicle_supervisor}]
    trap_exit: true
    status: running
    heap_size: 610
    stack_size: 27
    reductions: 315
  neighbours:

=ERROR REPORT==== 29-Jul-2016::13:26:17 ===
** Generic server vehicle_supervisor terminating 
** Last message in was {'EXIT',<0.1641.0>,
                           {#Ref<0.0.1.8116>,1634,ok,
                            [{vehicle_SUITE,
                                 boarding_passenger_capacity_reached_case}],
                            []}}
** When Server state == {state,
                            {global,vehicle_supervisor},
                            simple_one_for_one,
                            [{child,undefined,vehicle,
                                 {vehicle,start_link,[]},
                                 transient,1000,worker,
                                 [vehicle]}],
                            {dict,0,16,16,8,80,48,
                                {[],[],[],[],[],[],[],[],[],[],[],[],[],[],[],
                                 []},
                                {{[],[],[],[],[],[],[],[],[],[],[],[],[],[],
                                  [],[]}}},
                            0,1,[],vehicle_supervisor,[]}
** Reason for termination == 
** {#Ref<0.0.1.8116>,1634,ok,
    [{vehicle_SUITE,boarding_passenger_capacity_reached_case}],
    []}

=CRASH REPORT==== 29-Jul-2016::13:26:17 ===
  crasher:
    initial call: supervisor:vehicle_supervisor/1
    pid: <0.1644.0>
    registered_name: []
    exception exit: {#Ref<0.0.1.8116>,1634,ok,
                     [{vehicle_SUITE,boarding_passenger_capacity_reached_case}],
                     []}
      in function  gen_server:terminate/7 (gen_server.erl, line 826)
    ancestors: [<0.1641.0>]
    messages: []
    links: []
    dictionary: [{module,"vehicle_supervisor"},{id,vehicle_supervisor}]
    trap_exit: true
    status: running
    heap_size: 610
    stack_size: 27
    reductions: 315
  neighbours:

=ERROR REPORT==== 29-Jul-2016::13:26:17 ===
** Generic server vehicle_supervisor terminating 
** Last message in was {'EXIT',<0.1706.0>,
                           {#Ref<0.0.1.8598>,1066,ok,
                            [{vehicle_SUITE,
                                 boarding_passenger_below_capacity_case}],
                            []}}
** When Server state == {state,
                            {global,vehicle_supervisor},
                            simple_one_for_one,
                            [{child,undefined,vehicle,
                                 {vehicle,start_link,[]},
                                 transient,1000,worker,
                                 [vehicle]}],
                            {dict,0,16,16,8,80,48,
                                {[],[],[],[],[],[],[],[],[],[],[],[],[],[],[],
                                 []},
                                {{[],[],[],[],[],[],[],[],[],[],[],[],[],[],
                                  [],[]}}},
                            0,1,[],vehicle_supervisor,[]}
** Reason for termination == 
** {#Ref<0.0.1.8598>,1066,ok,
    [{vehicle_SUITE,boarding_passenger_below_capacity_case}],
    []}

=CRASH REPORT==== 29-Jul-2016::13:26:17 ===
  crasher:
    initial call: supervisor:vehicle_supervisor/1
    pid: <0.1709.0>
    registered_name: []
    exception exit: {#Ref<0.0.1.8598>,1066,ok,
                     [{vehicle_SUITE,boarding_passenger_below_capacity_case}],
                     []}
      in function  gen_server:terminate/7 (gen_server.erl, line 826)
    ancestors: [<0.1706.0>]
    messages: []
    links: []
    dictionary: [{module,"vehicle_supervisor"},{id,vehicle_supervisor}]
    trap_exit: true
    status: running
    heap_size: 610
    stack_size: 27
    reductions: 315
  neighbours:

=ERROR REPORT==== 29-Jul-2016::13:26:17 ===
** Generic server vehicle_supervisor terminating 
** Last message in was {'EXIT',<0.1765.0>,
                               {#Ref<0.0.1.8804>,1743,ok,
                                [{vehicle_SUITE,next_stop_reached_case}],
                                []}}
** When Server state == {state,
                            {global,vehicle_supervisor},
                            simple_one_for_one,
                            [{child,undefined,vehicle,
                                 {vehicle,start_link,[]},
                                 transient,1000,worker,
                                 [vehicle]}],
                            {dict,0,16,16,8,80,48,
                                {[],[],[],[],[],[],[],[],[],[],[],[],[],[],[],
                                 []},
                                {{[],[],[],[],[],[],[],[],[],[],[],[],[],[],
                                  [],[]}}},
                            0,1,[],vehicle_supervisor,[]}
** Reason for termination == 
** {#Ref<0.0.1.8804>,1743,ok,[{vehicle_SUITE,next_stop_reached_case}],[]}

=CRASH REPORT==== 29-Jul-2016::13:26:17 ===
  crasher:
    initial call: supervisor:vehicle_supervisor/1
    pid: <0.1768.0>
    registered_name: []
    exception exit: {#Ref<0.0.1.8804>,1743,ok,
                     [{vehicle_SUITE,next_stop_reached_case}],
                     []}
      in function  gen_server:terminate/7 (gen_server.erl, line 826)
    ancestors: [<0.1765.0>]
    messages: []
    links: []
    dictionary: [{module,"vehicle_supervisor"},{id,vehicle_supervisor}]
    trap_exit: true
    status: running
    heap_size: 610
    stack_size: 27
    reductions: 315
  neighbours:

=ERROR REPORT==== 29-Jul-2016::13:26:17 ===
** Generic server vehicle_supervisor terminating 
** Last message in was {'EXIT',<0.1836.0>,
                               {#Ref<0.0.1.9047>,854,ok,
                                [{vehicle_SUITE,next_stop_not_reached_case}],
                                []}}
** When Server state == {state,
                            {global,vehicle_supervisor},
                            simple_one_for_one,
                            [{child,undefined,vehicle,
                                 {vehicle,start_link,[]},
                                 transient,1000,worker,
                                 [vehicle]}],
                            {dict,0,16,16,8,80,48,
                                {[],[],[],[],[],[],[],[],[],[],[],[],[],[],[],
                                 []},
                                {{[],[],[],[],[],[],[],[],[],[],[],[],[],[],
                                  [],[]}}},
                            0,1,[],vehicle_supervisor,[]}
** Reason for termination == 
** {#Ref<0.0.1.9047>,854,ok,[{vehicle_SUITE,next_stop_not_reached_case}],[]}

=CRASH REPORT==== 29-Jul-2016::13:26:17 ===
  crasher:
    initial call: supervisor:vehicle_supervisor/1
    pid: <0.1839.0>
    registered_name: []
    exception exit: {#Ref<0.0.1.9047>,854,ok,
                     [{vehicle_SUITE,next_stop_not_reached_case}],
                     []}
      in function  gen_server:terminate/7 (gen_server.erl, line 826)
    ancestors: [<0.1836.0>]
    messages: []
    links: []
    dictionary: [{module,"vehicle_supervisor"},{id,vehicle_supervisor}]
    trap_exit: true
    status: running
    heap_size: 610
    stack_size: 27
    reductions: 315
  neighbours:

=ERROR REPORT==== 29-Jul-2016::13:26:17 ===
** Generic server vehicle_supervisor terminating 
** Last message in was {'EXIT',<0.1899.0>,
                               {#Ref<0.0.2.9838>,1860,ok,
                                [{vehicle_SUITE,target_stop_reached_case}],
                                []}}
** When Server state == {state,
                            {global,vehicle_supervisor},
                            simple_one_for_one,
                            [{child,undefined,vehicle,
                                 {vehicle,start_link,[]},
                                 transient,1000,worker,
                                 [vehicle]}],
                            {dict,0,16,16,8,80,48,
                                {[],[],[],[],[],[],[],[],[],[],[],[],[],[],[],
                                 []},
                                {{[],[],[],[],[],[],[],[],[],[],[],[],[],[],
                                  [],[]}}},
                            0,1,[],vehicle_supervisor,[]}
** Reason for termination == 
** {#Ref<0.0.2.9838>,1860,ok,[{vehicle_SUITE,target_stop_reached_case}],[]}

=CRASH REPORT==== 29-Jul-2016::13:26:17 ===
  crasher:
    initial call: supervisor:vehicle_supervisor/1
    pid: <0.1902.0>
    registered_name: []
    exception exit: {#Ref<0.0.2.9838>,1860,ok,
                     [{vehicle_SUITE,target_stop_reached_case}],
                     []}
      in function  gen_server:terminate/7 (gen_server.erl, line 826)
    ancestors: [<0.1899.0>]
    messages: []
    links: []
    dictionary: [{module,"vehicle_supervisor"},{id,vehicle_supervisor}]
    trap_exit: true
    status: running
    heap_size: 610
    stack_size: 27
    reductions: 315
  neighbours:

=ERROR REPORT==== 29-Jul-2016::13:26:17 ===
** Generic server vehicle_supervisor terminating 
** Last message in was {'EXIT',<0.1974.0>,
                           {#Ref<0.0.2.10424>,938,ok,
                            [{vehicle_SUITE,
                                 increment_boarding_passenger_case}],
                            []}}
** When Server state == {state,
                            {global,vehicle_supervisor},
                            simple_one_for_one,
                            [{child,undefined,vehicle,
                                 {vehicle,start_link,[]},
                                 transient,1000,worker,
                                 [vehicle]}],
                            {dict,0,16,16,8,80,48,
                                {[],[],[],[],[],[],[],[],[],[],[],[],[],[],[],
                                 []},
                                {{[],[],[],[],[],[],[],[],[],[],[],[],[],[],
                                  [],[]}}},
                            0,1,[],vehicle_supervisor,[]}
** Reason for termination == 
** {#Ref<0.0.2.10424>,938,ok,
    [{vehicle_SUITE,increment_boarding_passenger_case}],
    []}

=CRASH REPORT==== 29-Jul-2016::13:26:17 ===
  crasher:
    initial call: supervisor:vehicle_supervisor/1
    pid: <0.1977.0>
    registered_name: []
    exception exit: {#Ref<0.0.2.10424>,938,ok,
                     [{vehicle_SUITE,increment_boarding_passenger_case}],
                     []}
      in function  gen_server:terminate/7 (gen_server.erl, line 826)
    ancestors: [<0.1974.0>]
    messages: []
    links: []
    dictionary: [{module,"vehicle_supervisor"},{id,vehicle_supervisor}]
    trap_exit: true
    status: running
    heap_size: 610
    stack_size: 27
    reductions: 315
  neighbours:

=ERROR REPORT==== 29-Jul-2016::13:26:17 ===
** Generic server vehicle_supervisor terminating 
** Last message in was {'EXIT',<0.2037.0>,
                               {#Ref<0.0.1.9692>,914,ok,
                                [{vehicle_SUITE,new_time_not_driving_case}],
                                []}}
** When Server state == {state,
                            {global,vehicle_supervisor},
                            simple_one_for_one,
                            [{child,undefined,vehicle,
                                 {vehicle,start_link,[]},
                                 transient,1000,worker,
                                 [vehicle]}],
                            {dict,0,16,16,8,80,48,
                                {[],[],[],[],[],[],[],[],[],[],[],[],[],[],[],
                                 []},
                                {{[],[],[],[],[],[],[],[],[],[],[],[],[],[],
                                  [],[]}}},
                            0,1,[],vehicle_supervisor,[]}
** Reason for termination == 
** {#Ref<0.0.1.9692>,914,ok,[{vehicle_SUITE,new_time_not_driving_case}],[]}

=CRASH REPORT==== 29-Jul-2016::13:26:17 ===
  crasher:
    initial call: supervisor:vehicle_supervisor/1
    pid: <0.2040.0>
    registered_name: []
    exception exit: {#Ref<0.0.1.9692>,914,ok,
                     [{vehicle_SUITE,new_time_not_driving_case}],
                     []}
      in function  gen_server:terminate/7 (gen_server.erl, line 826)
    ancestors: [<0.2037.0>]
    messages: []
    links: []
    dictionary: [{module,"vehicle_supervisor"},{id,vehicle_supervisor}]
    trap_exit: true
    status: running
    heap_size: 610
    stack_size: 27
    reductions: 315
  neighbours:
Testing client.public_transport: TEST COMPLETE, 22 ok, 0 failed of 22 test cases

Cover analysing... done

Updating /home/travis/build/SoamJaws/wErld/test/logs/index.html... done
Updating /home/travis/build/SoamJaws/wErld/test/logs/all_runs.html... done

