--- Test run on 2016/07/28 19:31:49 ---

=PROGRESS REPORT==== 28-Jul-2016::19:31:49 ===
          supervisor: {local,sasl_safe_sup}
             started: [{pid,<0.40.0>},
                       {id,alarm_handler},
                       {mfargs,{alarm_handler,start_link,[]}},
                       {restart_type,permanent},
                       {shutdown,2000},
                       {child_type,worker}]

=PROGRESS REPORT==== 28-Jul-2016::19:31:49 ===
          supervisor: {local,sasl_safe_sup}
             started: [{pid,<0.41.0>},
                       {id,overload},
                       {mfargs,{overload,start_link,[]}},
                       {restart_type,permanent},
                       {shutdown,2000},
                       {child_type,worker}]

=PROGRESS REPORT==== 28-Jul-2016::19:31:49 ===
          supervisor: {local,sasl_sup}
             started: [{pid,<0.39.0>},
                       {id,sasl_safe_sup},
                       {mfargs,
                           {supervisor,start_link,
                               [{local,sasl_safe_sup},sasl,safe]}},
                       {restart_type,permanent},
                       {shutdown,infinity},
                       {child_type,supervisor}]

=PROGRESS REPORT==== 28-Jul-2016::19:31:49 ===
          supervisor: {local,sasl_sup}
             started: [{pid,<0.42.0>},
                       {id,release_handler},
                       {mfargs,{release_handler,start_link,[]}},
                       {restart_type,permanent},
                       {shutdown,2000},
                       {child_type,worker}]

=PROGRESS REPORT==== 28-Jul-2016::19:31:49 ===
         application: sasl
          started_at: 'test@testing-worker-linux-docker-6c038e94-3442-linux-10'
Converting "/home/travis/build/SoamJaws/wErld/." to "/home/travis/build/SoamJaws/wErld" and re-inserting with add_patha/1


Common Test v1.11.1 starting (cwd is /home/travis/build/SoamJaws/wErld)


Common Test: Running make in test directories...
Including the following directories:
"/home/travis/build/SoamJaws/wErld/include"
Recompile: vehicle_SUITE
vehicle_SUITE.erl:127: Warning: variable 'P1' is unused
vehicle_SUITE.erl:128: Warning: variable 'P2' is unused
vehicle_SUITE.erl:129: Warning: variable 'P3' is unused
vehicle_SUITE.erl:130: Warning: variable 'P4' is unused
vehicle_SUITE.erl:169: Warning: variable 'P4' is unused
vehicle_SUITE.erl:190: Warning: variable 'P4' is unused
vehicle_SUITE.erl:217: Warning: variable 'P4' is unused
vehicle_SUITE.erl:236: Warning: variable 'S1' is unused
vehicle_SUITE.erl:240: Warning: variable 'P4' is unused
vehicle_SUITE.erl:269: Warning: variable 'P4' is unused
vehicle_SUITE.erl:289: Warning: variable 'P1' is unused
vehicle_SUITE.erl:290: Warning: variable 'P2' is unused
vehicle_SUITE.erl:291: Warning: variable 'P3' is unused
vehicle_SUITE.erl:292: Warning: variable 'P4' is unused
Recompile: stop_SUITE
Recompile: public_transport_SUITE
public_transport_SUITE.erl:17: Warning: variable 'PublicTransportSupervisor' is unused
Recompile: line_SUITE

CWD set to: "/home/travis/build/SoamJaws/wErld/test/logs/ct_run.test@testing-worker-linux-docker-6c038e94-3442-linux-10.2016-07-28_19.31.49"

TEST INFO: 1 test(s), 23 case(s) in 4 suite(s)

Cover compiling 'wErld' (11 files) - this may take some time... done

Testing client.public_transport: Starting test, 23 test cases

=ERROR REPORT==== 28-Jul-2016::19:31:50 ===
** Generic server line_supervisor terminating 
** Last message in was {'EXIT',<0.525.0>,
                               {#Ref<0.0.1.4810>,1842,ok,
                                [{line_SUITE,get_next_stop_case}],
                                []}}
** When Server state == {state,
                            {global,line_supervisor},
                            simple_one_for_one,
                            [{child,undefined,line,
                                 {line,start_link,[]},
                                 transient,1000,worker,
                                 [line]}],
                            {dict,0,16,16,8,80,48,
                                {[],[],[],[],[],[],[],[],[],[],[],[],[],[],[],
                                 []},
                                {{[],[],[],[],[],[],[],[],[],[],[],[],[],[],
                                  [],[]}}},
                            0,1,[],line_supervisor,[]}
** Reason for termination == 
** {#Ref<0.0.1.4810>,1842,ok,[{line_SUITE,get_next_stop_case}],[]}

=CRASH REPORT==== 28-Jul-2016::19:31:51 ===
  crasher:
    initial call: supervisor:line_supervisor/1
    pid: <0.528.0>
    registered_name: []
    exception exit: {#Ref<0.0.1.4810>,1842,ok,
                     [{line_SUITE,get_next_stop_case}],
                     []}
      in function  gen_server:terminate/7 (gen_server.erl, line 826)
    ancestors: [<0.525.0>]
    messages: []
    links: []
    dictionary: [{module,"line_supervisor"},{id,line_supervisor}]
    trap_exit: true
    status: running
    heap_size: 610
    stack_size: 27
    reductions: 347
  neighbours:

=ERROR REPORT==== 28-Jul-2016::19:31:51 ===
** Generic server line_supervisor terminating 
** Last message in was {'EXIT',<0.581.0>,
                               {#Ref<0.0.2.2867>,439,ok,
                                [{line_SUITE,get_other_end_case}],
                                []}}
** When Server state == {state,
                            {global,line_supervisor},
                            simple_one_for_one,
                            [{child,undefined,line,
                                 {line,start_link,[]},
                                 transient,1000,worker,
                                 [line]}],
                            {dict,0,16,16,8,80,48,
                                {[],[],[],[],[],[],[],[],[],[],[],[],[],[],[],
                                 []},
                                {{[],[],[],[],[],[],[],[],[],[],[],[],[],[],
                                  [],[]}}},
                            0,1,[],line_supervisor,[]}
** Reason for termination == 
** {#Ref<0.0.2.2867>,439,ok,[{line_SUITE,get_other_end_case}],[]}

=CRASH REPORT==== 28-Jul-2016::19:31:51 ===
  crasher:
    initial call: supervisor:line_supervisor/1
    pid: <0.584.0>
    registered_name: []
    exception exit: {#Ref<0.0.2.2867>,439,ok,
                     [{line_SUITE,get_other_end_case}],
                     []}
      in function  gen_server:terminate/7 (gen_server.erl, line 826)
    ancestors: [<0.581.0>]
    messages: []
    links: []
    dictionary: [{module,"line_supervisor"},{id,line_supervisor}]
    trap_exit: true
    status: running
    heap_size: 376
    stack_size: 27
    reductions: 338
  neighbours:

=ERROR REPORT==== 28-Jul-2016::19:31:51 ===
** Generic server line_supervisor terminating 
** Last message in was {'EXIT',<0.601.0>,
                               {#Ref<0.0.2.3020>,597,ok,
                                [{line_SUITE,is_end_stop_case}],
                                []}}
** When Server state == {state,
                            {global,line_supervisor},
                            simple_one_for_one,
                            [{child,undefined,line,
                                 {line,start_link,[]},
                                 transient,1000,worker,
                                 [line]}],
                            {dict,0,16,16,8,80,48,
                                {[],[],[],[],[],[],[],[],[],[],[],[],[],[],[],
                                 []},
                                {{[],[],[],[],[],[],[],[],[],[],[],[],[],[],
                                  [],[]}}},
                            0,1,[],line_supervisor,[]}
** Reason for termination == 
** {#Ref<0.0.2.3020>,597,ok,[{line_SUITE,is_end_stop_case}],[]}

=CRASH REPORT==== 28-Jul-2016::19:31:51 ===
  crasher:
    initial call: supervisor:line_supervisor/1
    pid: <0.604.0>
    registered_name: []
    exception exit: {#Ref<0.0.2.3020>,597,ok,
                     [{line_SUITE,is_end_stop_case}],
                     []}
      in function  gen_server:terminate/7 (gen_server.erl, line 826)
    ancestors: [<0.601.0>]
    messages: []
    links: []
    dictionary: [{module,"line_supervisor"},{id,line_supervisor}]
    trap_exit: true
    status: running
    heap_size: 376
    stack_size: 27
    reductions: 338
  neighbours:

=ERROR REPORT==== 28-Jul-2016::19:31:51 ===
** Generic server line_supervisor terminating 
** Last message in was {'EXIT',<0.627.0>,
                               {#Ref<0.0.2.3212>,357,ok,
                                [{line_SUITE,get_number_case}],
                                []}}
** When Server state == {state,
                            {global,line_supervisor},
                            simple_one_for_one,
                            [{child,undefined,line,
                                 {line,start_link,[]},
                                 transient,1000,worker,
                                 [line]}],
                            {dict,0,16,16,8,80,48,
                                {[],[],[],[],[],[],[],[],[],[],[],[],[],[],[],
                                 []},
                                {{[],[],[],[],[],[],[],[],[],[],[],[],[],[],
                                  [],[]}}},
                            0,1,[],line_supervisor,[]}
** Reason for termination == 
** {#Ref<0.0.2.3212>,357,ok,[{line_SUITE,get_number_case}],[]}

=CRASH REPORT==== 28-Jul-2016::19:31:51 ===
  crasher:
    initial call: supervisor:line_supervisor/1
    pid: <0.630.0>
    registered_name: []
    exception exit: {#Ref<0.0.2.3212>,357,ok,
                     [{line_SUITE,get_number_case}],
                     []}
      in function  gen_server:terminate/7 (gen_server.erl, line 826)
    ancestors: [<0.627.0>]
    messages: []
    links: []
    dictionary: [{module,"line_supervisor"},{id,line_supervisor}]
    trap_exit: true
    status: running
    heap_size: 376
    stack_size: 27
    reductions: 338
  neighbours:

=ERROR REPORT==== 28-Jul-2016::19:31:51 ===
** Generic server line_supervisor terminating 
** Last message in was {'EXIT',<0.651.0>,
                               {#Ref<0.0.2.3730>,717,ok,
                                [{line_SUITE,contains_stop_case}],
                                []}}
** When Server state == {state,
                            {global,line_supervisor},
                            simple_one_for_one,
                            [{child,undefined,line,
                                 {line,start_link,[]},
                                 transient,1000,worker,
                                 [line]}],
                            {dict,0,16,16,8,80,48,
                                {[],[],[],[],[],[],[],[],[],[],[],[],[],[],[],
                                 []},
                                {{[],[],[],[],[],[],[],[],[],[],[],[],[],[],
                                  [],[]}}},
                            0,1,[],line_supervisor,[]}
** Reason for termination == 
** {#Ref<0.0.2.3730>,717,ok,[{line_SUITE,contains_stop_case}],[]}

=CRASH REPORT==== 28-Jul-2016::19:31:51 ===
  crasher:
    initial call: supervisor:line_supervisor/1
    pid: <0.654.0>
    registered_name: []
    exception exit: {#Ref<0.0.2.3730>,717,ok,
                     [{line_SUITE,contains_stop_case}],
                     []}
      in function  gen_server:terminate/7 (gen_server.erl, line 826)
    ancestors: [<0.651.0>]
    messages: []
    links: []
    dictionary: [{module,"line_supervisor"},{id,line_supervisor}]
    trap_exit: true
    status: running
    heap_size: 376
    stack_size: 27
    reductions: 338
  neighbours:

=ERROR REPORT==== 28-Jul-2016::19:31:51 ===
** Generic server line_supervisor terminating 
** Last message in was {'EXIT',<0.694.0>,
                               {#Ref<0.0.1.5667>,1267,ok,
                                [{line_SUITE,get_neighbors_case}],
                                []}}
** When Server state == {state,
                            {global,line_supervisor},
                            simple_one_for_one,
                            [{child,undefined,line,
                                 {line,start_link,[]},
                                 transient,1000,worker,
                                 [line]}],
                            {dict,0,16,16,8,80,48,
                                {[],[],[],[],[],[],[],[],[],[],[],[],[],[],[],
                                 []},
                                {{[],[],[],[],[],[],[],[],[],[],[],[],[],[],
                                  [],[]}}},
                            0,1,[],line_supervisor,[]}
** Reason for termination == 
** {#Ref<0.0.1.5667>,1267,ok,[{line_SUITE,get_neighbors_case}],[]}

=CRASH REPORT==== 28-Jul-2016::19:31:51 ===
  crasher:
    initial call: supervisor:line_supervisor/1
    pid: <0.697.0>
    registered_name: []
    exception exit: {#Ref<0.0.1.5667>,1267,ok,
                     [{line_SUITE,get_neighbors_case}],
                     []}
      in function  gen_server:terminate/7 (gen_server.erl, line 826)
    ancestors: [<0.694.0>]
    messages: []
    links: []
    dictionary: [{module,"line_supervisor"},{id,line_supervisor}]
    trap_exit: true
    status: running
    heap_size: 610
    stack_size: 27
    reductions: 335
  neighbours:

=ERROR REPORT==== 28-Jul-2016::19:31:51 ===
** Generic server line_supervisor terminating 
** Last message in was {'EXIT',<0.732.0>,
                               {#Ref<0.0.1.6046>,18199,ok,
                                [{line_SUITE,get_duration_case}],
                                []}}
** When Server state == {state,
                            {global,line_supervisor},
                            simple_one_for_one,
                            [{child,undefined,line,
                                 {line,start_link,[]},
                                 transient,1000,worker,
                                 [line]}],
                            {dict,0,16,16,8,80,48,
                                {[],[],[],[],[],[],[],[],[],[],[],[],[],[],[],
                                 []},
                                {{[],[],[],[],[],[],[],[],[],[],[],[],[],[],
                                  [],[]}}},
                            0,1,[],line_supervisor,[]}
** Reason for termination == 
** {#Ref<0.0.1.6046>,18199,ok,[{line_SUITE,get_duration_case}],[]}

=CRASH REPORT==== 28-Jul-2016::19:31:51 ===
  crasher:
    initial call: supervisor:line_supervisor/1
    pid: <0.735.0>
    registered_name: []
    exception exit: {#Ref<0.0.1.6046>,18199,ok,
                     [{line_SUITE,get_duration_case}],
                     []}
      in function  gen_server:terminate/7 (gen_server.erl, line 826)
    ancestors: [<0.732.0>]
    messages: []
    links: []
    dictionary: [{module,"line_supervisor"},{id,line_supervisor}]
    trap_exit: true
    status: running
    heap_size: 610
    stack_size: 27
    reductions: 335
  neighbours:

=ERROR REPORT==== 28-Jul-2016::19:31:51 ===
** Generic server line_supervisor terminating 
** Last message in was {'EXIT',<0.980.0>,
                               {#Ref<0.0.1.6606>,2405,ok,
                                [{line_SUITE,get_target_case}],
                                []}}
** When Server state == {state,
                            {global,line_supervisor},
                            simple_one_for_one,
                            [{child,undefined,line,
                                 {line,start_link,[]},
                                 transient,1000,worker,
                                 [line]}],
                            {dict,0,16,16,8,80,48,
                                {[],[],[],[],[],[],[],[],[],[],[],[],[],[],[],
                                 []},
                                {{[],[],[],[],[],[],[],[],[],[],[],[],[],[],
                                  [],[]}}},
                            0,1,[],line_supervisor,[]}
** Reason for termination == 
** {#Ref<0.0.1.6606>,2405,ok,[{line_SUITE,get_target_case}],[]}

=CRASH REPORT==== 28-Jul-2016::19:31:51 ===
  crasher:
    initial call: supervisor:line_supervisor/1
    pid: <0.983.0>
    registered_name: []
    exception exit: {#Ref<0.0.1.6606>,2405,ok,
                     [{line_SUITE,get_target_case}],
                     []}
      in function  gen_server:terminate/7 (gen_server.erl, line 826)
    ancestors: [<0.980.0>]
    messages: []
    links: []
    dictionary: [{module,"line_supervisor"},{id,line_supervisor}]
    trap_exit: true
    status: running
    heap_size: 610
    stack_size: 27
    reductions: 335
  neighbours:

=ERROR REPORT==== 28-Jul-2016::19:31:51 ===
** Generic server line_supervisor terminating 
** Last message in was {'EXIT',<0.1037.0>,
                               {#Ref<0.0.1.7235>,7674,ok,
                                [{line_SUITE,get_intersection_case}],
                                []}}
** When Server state == {state,
                            {global,line_supervisor},
                            simple_one_for_one,
                            [{child,undefined,line,
                                 {line,start_link,[]},
                                 transient,1000,worker,
                                 [line]}],
                            {dict,0,16,16,8,80,48,
                                {[],[],[],[],[],[],[],[],[],[],[],[],[],[],[],
                                 []},
                                {{[],[],[],[],[],[],[],[],[],[],[],[],[],[],
                                  [],[]}}},
                            0,1,[],line_supervisor,[]}
** Reason for termination == 
** {#Ref<0.0.1.7235>,7674,ok,[{line_SUITE,get_intersection_case}],[]}

=CRASH REPORT==== 28-Jul-2016::19:31:51 ===
  crasher:
    initial call: supervisor:line_supervisor/1
    pid: <0.1040.0>
    registered_name: []
    exception exit: {#Ref<0.0.1.7235>,7674,ok,
                     [{line_SUITE,get_intersection_case}],
                     []}
      in function  gen_server:terminate/7 (gen_server.erl, line 826)
    ancestors: [<0.1037.0>]
    messages: []
    links: []
    dictionary: [{module,"line_supervisor"},{id,line_supervisor}]
    trap_exit: true
    status: running
    heap_size: 987
    stack_size: 27
    reductions: 609
  neighbours:

=PROGRESS REPORT==== 28-Jul-2016::19:31:51 ===
          supervisor: {<0.1379.0>,public_transport_supervisor}
             started: [{pid,<0.1380.0>},
                       {id,line_supervisor},
                       {mfargs,{line_supervisor,start_link,[]}},
                       {restart_type,permanent},
                       {shutdown,1000},
                       {child_type,supervisor}]

=PROGRESS REPORT==== 28-Jul-2016::19:31:51 ===
          supervisor: {<0.1379.0>,public_transport_supervisor}
             started: [{pid,<0.1381.0>},
                       {id,stop_supervisor},
                       {mfargs,{stop_supervisor,start_link,[]}},
                       {restart_type,permanent},
                       {shutdown,1000},
                       {child_type,supervisor}]

=PROGRESS REPORT==== 28-Jul-2016::19:31:51 ===
          supervisor: {<0.1379.0>,public_transport_supervisor}
             started: [{pid,<0.1382.0>},
                       {id,vehicle_supervisor},
                       {mfargs,{vehicle_supervisor,start_link,[]}},
                       {restart_type,permanent},
                       {shutdown,1000},
                       {child_type,supervisor}]

=PROGRESS REPORT==== 28-Jul-2016::19:31:51 ===
          supervisor: {<0.1379.0>,public_transport_supervisor}
             started: [{pid,<0.1383.0>},
                       {id,public_transport},
                       {mfargs,{public_transport,start_link,[]}},
                       {restart_type,permanent},
                       {shutdown,1000},
                       {child_type,worker}]

- - - - - - - - - - - - - - - - - - - - - - - - - - - - - - - - - - - - - - - -
gen_server:call failed on line 204
Reason: timeout
- - - - - - - - - - - - - - - - - - - - - - - - - - - - - - - - - - - - - - - -

